{"level":"info","message":"Successfully returned all the notes. ","timestamp":"22-Nov-2021 09:24:04"}
{"level":"info","message":"Successfully created the note","timestamp":"22-Nov-2021 09:37:00"}
{"level":"info","message":"Successfully returned all the notes. ","timestamp":"22-Nov-2021 09:37:04"}
{"level":"info","message":"Successfully returned all the notes. ","timestamp":"22-Nov-2021 10:04:07"}
{"level":"info","message":"Successfully returned all the notes. ","timestamp":"22-Nov-2021 10:04:21"}
{"level":"info","message":"Successfully returned all the notes. ","timestamp":"22-Nov-2021 10:06:14"}
{"level":"info","message":"Successfully returned all the notes. ","timestamp":"22-Nov-2021 10:07:46"}
{"level":"info","message":"Successfully returned all the notes. ","timestamp":"22-Nov-2021 10:48:50"}
{"level":"info","message":"Successfully returned all the notes. ","timestamp":"22-Nov-2021 11:31:43"}
{"level":"info","message":"Successfully returned all the notes. ","timestamp":"22-Nov-2021 12:17:02"}
{"level":"info","message":"Successfully returned all the notes. ","timestamp":"22-Nov-2021 12:18:09"}
{"level":"info","message":"Successfully returned all the notes. ","timestamp":"22-Nov-2021 13:02:28"}
{"level":"info","message":"Successfully returned all the notes. ","timestamp":"22-Nov-2021 13:02:36"}
{"level":"info","message":"Successfully returned all the notes. ","timestamp":"22-Nov-2021 13:02:41"}
{"level":"info","message":"Successfully deleted the note","timestamp":"22-Nov-2021 13:11:21"}
{"level":"info","message":"Successfully returned all the notes. ","timestamp":"22-Nov-2021 13:11:26"}
{"level":"info","message":"Successfully deleted the note","timestamp":"22-Nov-2021 13:11:44"}
{"level":"info","message":"Successfully returned all the notes. ","timestamp":"22-Nov-2021 13:12:02"}
{"level":"info","message":"Successfully returned all the notes. ","timestamp":"22-Nov-2021 13:14:27"}
{"level":"info","message":"Successfully returned all the notes. ","timestamp":"22-Nov-2021 14:11:54"}
{"level":"info","message":"Successfully returned all the notes. ","timestamp":"22-Nov-2021 14:12:12"}
{"level":"info","message":"Successfully returned all the notes. ","timestamp":"22-Nov-2021 14:12:24"}
{"level":"info","message":"Successfully deleted the note","timestamp":"22-Nov-2021 14:17:57"}
{"level":"info","message":"Successfully returned all the notes. ","timestamp":"22-Nov-2021 14:18:33"}
{"level":"info","message":"Successfully deleted the note","timestamp":"22-Nov-2021 14:19:34"}
{"level":"info","message":"Successfully returned all the notes. ","timestamp":"22-Nov-2021 14:19:42"}
{"level":"info","message":"Successfully created the note","timestamp":"22-Nov-2021 14:20:52"}
{"level":"info","message":"Successfully returned all the notes. ","timestamp":"22-Nov-2021 14:20:55"}
{"level":"info","message":"Successfully created the note","timestamp":"22-Nov-2021 14:21:15"}
{"level":"info","message":"Successfully returned all the notes. ","timestamp":"22-Nov-2021 14:21:17"}
{"level":"info","message":"Successfully returned all the notes. ","timestamp":"22-Nov-2021 14:22:17"}
{"level":"info","message":"Successfully returned all the notes. ","timestamp":"22-Nov-2021 14:22:32"}
{"level":"info","message":"Successfully created the note","timestamp":"22-Nov-2021 14:29:29"}
{"level":"info","message":"Successfully returned all the notes. ","timestamp":"22-Nov-2021 14:29:57"}
{"level":"info","message":"Successfully deleted the note","timestamp":"22-Nov-2021 14:29:59"}
{"level":"info","message":"Successfully returned all the notes. ","timestamp":"22-Nov-2021 14:30:08"}
{"level":"info","message":"Successfully returned all the notes. ","timestamp":"22-Nov-2021 14:44:06"}
{"level":"info","message":"Successfully created the note","timestamp":"22-Nov-2021 14:44:20"}
{"level":"info","message":"Successfully returned all the notes. ","timestamp":"22-Nov-2021 14:44:24"}
{"level":"info","message":"Successfully deleted the note","timestamp":"22-Nov-2021 14:44:26"}
{"level":"info","message":"Successfully returned all the notes. ","timestamp":"22-Nov-2021 14:44:28"}
{"level":"info","message":"Successfully returned all the notes. ","timestamp":"22-Nov-2021 14:52:21"}
{"level":"info","message":"Successfully created the note","timestamp":"22-Nov-2021 14:52:30"}
{"level":"error","message":"Note not found","timestamp":"22-Nov-2021 14:52:33"}
{"level":"info","message":"Successfully returned all the notes. ","timestamp":"22-Nov-2021 14:52:35"}
{"level":"info","message":"Successfully deleted the note","timestamp":"22-Nov-2021 14:52:38"}
{"level":"info","message":"Successfully returned all the notes. ","timestamp":"22-Nov-2021 14:52:40"}
{"level":"info","message":"Successfully created the note","timestamp":"22-Nov-2021 14:55:07"}
{"level":"error","message":"Note not found","timestamp":"22-Nov-2021 14:58:45"}
{"level":"info","message":"Successfully returned all the notes. ","timestamp":"22-Nov-2021 14:58:48"}
{"level":"info","message":"Successfully deleted the note","timestamp":"22-Nov-2021 14:58:50"}
{"level":"info","message":"Successfully returned all the notes. ","timestamp":"22-Nov-2021 14:58:53"}
{"level":"info","message":"Successfully created the note","timestamp":"22-Nov-2021 14:59:28"}
{"level":"info","message":"Successfully returned all the notes. ","timestamp":"22-Nov-2021 14:59:33"}
{"level":"info","message":"Successfully created the note","timestamp":"22-Nov-2021 14:59:45"}
{"level":"info","message":"Successfully returned all the notes. ","timestamp":"22-Nov-2021 14:59:46"}
{"level":"info","message":"Successfully deleted the note","timestamp":"22-Nov-2021 14:59:48"}
{"level":"error","message":"Note not found","timestamp":"22-Nov-2021 14:59:50"}
{"level":"info","message":"Successfully returned all the notes. ","timestamp":"22-Nov-2021 14:59:52"}
{"level":"info","message":"Successfully created the note","timestamp":"22-Nov-2021 15:00:13"}
{"level":"info","message":"Successfully returned all the notes. ","timestamp":"22-Nov-2021 15:00:15"}
{"level":"info","message":"Successfully deleted the note","timestamp":"22-Nov-2021 15:00:17"}
{"level":"info","message":"Successfully returned all the notes. ","timestamp":"22-Nov-2021 15:00:22"}
{"level":"info","message":"Successfully created the note","timestamp":"22-Nov-2021 15:00:36"}
{"level":"error","message":"Note not found","timestamp":"22-Nov-2021 15:00:49"}
{"level":"error","message":"Note not found","timestamp":"22-Nov-2021 15:00:54"}
{"level":"info","message":"Successfully returned all the notes. ","timestamp":"22-Nov-2021 15:00:58"}
{"level":"info","message":"Successfully deleted the note","timestamp":"22-Nov-2021 15:01:00"}
{"level":"info","message":"Successfully returned all the notes. ","timestamp":"22-Nov-2021 15:01:03"}
{"level":"info","message":"Successfully created the note","timestamp":"22-Nov-2021 15:03:56"}
{"level":"error","message":"Note not found","timestamp":"22-Nov-2021 15:03:59"}
{"level":"info","message":"Successfully returned all the notes. ","timestamp":"22-Nov-2021 15:04:01"}
{"level":"info","message":"Successfully deleted the note","timestamp":"22-Nov-2021 15:04:03"}
{"level":"info","message":"Successfully returned all the notes. ","timestamp":"22-Nov-2021 15:04:05"}
{"level":"info","message":"Successfully created the note","timestamp":"22-Nov-2021 15:04:11"}
{"level":"info","message":"Successfully returned all the notes. ","timestamp":"22-Nov-2021 15:04:15"}
{"level":"info","message":"Successfully deleted the note","timestamp":"22-Nov-2021 15:04:17"}
{"level":"info","message":"Successfully returned all the notes. ","timestamp":"22-Nov-2021 15:04:20"}
{"level":"info","message":"Successfully deleted the note","timestamp":"22-Nov-2021 15:44:13"}
{"level":"info","message":"Successfully returned all the notes. ","timestamp":"22-Nov-2021 15:44:16"}
{"level":"info","message":"Successfully created the note","timestamp":"22-Nov-2021 15:44:40"}
{"level":"info","message":"Successfully returned all the notes. ","timestamp":"22-Nov-2021 15:44:44"}
{"level":"info","message":"Successfully deleted the note","timestamp":"22-Nov-2021 15:44:47"}
{"level":"info","message":"Successfully returned all the notes. ","timestamp":"22-Nov-2021 15:44:50"}
{"level":"info","message":"Successfully created the note","timestamp":"22-Nov-2021 15:45:05"}
{"level":"info","message":"Successfully returned all the notes. ","timestamp":"22-Nov-2021 15:45:08"}
{"level":"info","message":"Successfully returned all the notes. ","timestamp":"22-Nov-2021 15:59:39"}
{"level":"info","message":"Successfully returned all the notes. ","timestamp":"22-Nov-2021 17:44:06"}
{"level":"info","message":"Successfully deleted the note","timestamp":"22-Nov-2021 17:44:51"}
{"level":"info","message":"Successfully returned all the notes. ","timestamp":"22-Nov-2021 17:45:04"}
{"level":"info","message":"Successfully returned all the notes. ","timestamp":"22-Nov-2021 18:26:20"}
{"level":"error","message":"Note not found","timestamp":"22-Nov-2021 18:26:21"}
{"level":"info","message":"Successfully returned all the notes. ","timestamp":"22-Nov-2021 18:26:24"}
{"level":"error","message":"Note not found","timestamp":"22-Nov-2021 18:26:36"}
{"level":"info","message":"Successfully returned all the notes. ","timestamp":"22-Nov-2021 18:28:00"}
{"level":"error","message":"Note not found","timestamp":"22-Nov-2021 18:28:03"}
{"level":"info","message":"Successfully returned all the notes. ","timestamp":"22-Nov-2021 18:28:42"}
{"level":"error","message":"Note not found","timestamp":"22-Nov-2021 18:30:14"}
{"level":"info","message":"Successfully deleted the note","timestamp":"22-Nov-2021 18:30:47"}
{"level":"info","message":"Successfully returned all the notes. ","timestamp":"22-Nov-2021 18:30:51"}
{"level":"info","message":"Successfully returned all the notes. ","timestamp":"22-Nov-2021 20:02:18"}
{"level":"info","message":"Successfully created the note","timestamp":"22-Nov-2021 20:02:55"}
{"level":"info","message":"Successfully returned all the notes. ","timestamp":"22-Nov-2021 20:02:59"}
{"level":"info","message":"Successfully found the user ","timestamp":"22-Nov-2021 21:53:35"}
{"level":"info","message":"Successfully returned all the notes. ","timestamp":"22-Nov-2021 21:53:36"}
{"level":"info","message":"Successfully returned all the notes. ","timestamp":"22-Nov-2021 23:13:00"}
{"level":"info","message":"Successfully returned all the notes. ","timestamp":"22-Nov-2021 23:33:19"}
{"level":"info","message":"Successfully returned all the notes. ","timestamp":"22-Nov-2021 23:33:31"}
