{"level":"info","message":"Successfully found the user ","timestamp":"25-Nov-2021 10:31:18"}
{"level":"info","message":"Successfully returned all the notes. ","timestamp":"25-Nov-2021 10:31:19"}
{"level":"info","message":"Successfully updated the note","timestamp":"25-Nov-2021 10:31:27"}
{"level":"info","message":"Successfully updated the note","timestamp":"25-Nov-2021 10:31:29"}
{"level":"info","message":"Successfully updated the note","timestamp":"25-Nov-2021 10:31:32"}
{"level":"info","message":"Successfully updated the note","timestamp":"25-Nov-2021 10:31:39"}
{"level":"info","message":"Successfully updated the note","timestamp":"25-Nov-2021 10:31:45"}
{"level":"info","message":"Successfully updated the note","timestamp":"25-Nov-2021 10:31:49"}
{"level":"info","message":"Successfully updated the note","timestamp":"25-Nov-2021 10:31:53"}
{"level":"info","message":"Successfully deleted the note","timestamp":"25-Nov-2021 10:31:58"}
{"level":"info","message":"Successfully created the note","timestamp":"25-Nov-2021 10:32:25"}
{"level":"error","message":"Note not found ","timestamp":"25-Nov-2021 10:32:28"}
{"level":"error","message":"Note not found ","timestamp":"25-Nov-2021 10:32:30"}
{"level":"info","message":"Successfully returned all the notes. ","timestamp":"25-Nov-2021 10:32:35"}
{"level":"info","message":"Successfully updated the note","timestamp":"25-Nov-2021 10:32:54"}
{"level":"info","message":"Successfully updated the note","timestamp":"25-Nov-2021 10:32:58"}
{"level":"info","message":"Successfully updated the note","timestamp":"25-Nov-2021 10:33:00"}
{"level":"info","message":"Successfully updated the note","timestamp":"25-Nov-2021 10:33:04"}
{"level":"info","message":"Successfully updated the note","timestamp":"25-Nov-2021 10:46:40"}
{"level":"info","message":"Successfully updated the note","timestamp":"25-Nov-2021 10:46:50"}
{"level":"info","message":"Successfully updated the note","timestamp":"25-Nov-2021 10:46:55"}
{"level":"info","message":"Successfully updated the note","timestamp":"25-Nov-2021 10:58:27"}
{"level":"info","message":"Successfully updated the note","timestamp":"25-Nov-2021 10:58:29"}
{"level":"info","message":"Successfully updated the note","timestamp":"25-Nov-2021 10:58:38"}
{"level":"info","message":"Successfully updated the note","timestamp":"25-Nov-2021 10:58:42"}
{"level":"info","message":"Successfully updated the note","timestamp":"25-Nov-2021 10:58:53"}
{"level":"info","message":"Successfully updated the note","timestamp":"25-Nov-2021 10:59:00"}
{"level":"info","message":"Successfully created the note","timestamp":"25-Nov-2021 10:59:31"}
{"level":"info","message":"Successfully returned all the notes. ","timestamp":"25-Nov-2021 10:59:35"}
{"level":"info","message":"Successfully updated the note","timestamp":"25-Nov-2021 10:59:37"}
{"level":"info","message":"Successfully deleted the note","timestamp":"25-Nov-2021 10:59:44"}
{"level":"info","message":"Successfully returned all the notes. ","timestamp":"25-Nov-2021 11:16:37"}
{"level":"info","message":"Successfully updated the note","timestamp":"25-Nov-2021 11:17:24"}
{"level":"info","message":"Successfully updated the note","timestamp":"25-Nov-2021 11:17:26"}
{"level":"info","message":"Successfully updated the note","timestamp":"25-Nov-2021 11:17:48"}
{"level":"info","message":"Successfully updated the note","timestamp":"25-Nov-2021 11:17:53"}
{"level":"info","message":"Successfully updated the note","timestamp":"25-Nov-2021 11:17:56"}
{"level":"info","message":"Successfully deleted the note","timestamp":"25-Nov-2021 11:17:58"}
{"level":"info","message":"Successfully returned all the notes. ","timestamp":"25-Nov-2021 11:44:43"}
{"level":"info","message":"Successfully returned all the notes. ","timestamp":"25-Nov-2021 11:45:45"}
{"level":"info","message":"Successfully returned all the notes. ","timestamp":"25-Nov-2021 11:55:59"}
{"level":"info","message":"Successfully returned all the notes. ","timestamp":"25-Nov-2021 12:25:26"}
{"level":"info","message":"Successfully returned all the notes. ","timestamp":"25-Nov-2021 12:25:34"}
{"level":"info","message":"Successfully returned all the notes. ","timestamp":"25-Nov-2021 12:25:38"}
{"level":"info","message":"Successfully returned all the notes. ","timestamp":"25-Nov-2021 12:26:49"}
{"level":"info","message":"Successfully returned all the notes. ","timestamp":"25-Nov-2021 12:28:42"}
{"level":"info","message":"Successfully returned all the notes. ","timestamp":"25-Nov-2021 13:36:09"}
{"level":"info","message":"Successfully returned all the notes. ","timestamp":"25-Nov-2021 13:37:15"}
{"level":"info","message":"Successfully updated the note","timestamp":"25-Nov-2021 13:37:58"}
{"level":"info","message":"Successfully returned all the notes. ","timestamp":"25-Nov-2021 13:38:56"}
{"level":"info","message":"Successfully returned all the notes. ","timestamp":"25-Nov-2021 13:38:56"}
{"level":"info","message":"Successfully returned all the notes. ","timestamp":"25-Nov-2021 13:38:58"}
{"level":"info","message":"Successfully returned all the notes. ","timestamp":"25-Nov-2021 13:41:27"}
{"level":"info","message":"Successfully returned all the notes. ","timestamp":"25-Nov-2021 13:42:10"}
{"level":"info","message":"Successfully returned all the notes. ","timestamp":"25-Nov-2021 14:01:46"}
{"level":"info","message":"Successfully returned all the notes. ","timestamp":"25-Nov-2021 14:05:56"}
{"level":"info","message":"Successfully returned all the notes. ","timestamp":"25-Nov-2021 14:21:10"}
{"level":"info","message":"Successfully returned all the notes. ","timestamp":"25-Nov-2021 14:22:53"}
{"level":"info","message":"Successfully returned all the notes. ","timestamp":"25-Nov-2021 14:43:09"}
{"level":"info","message":"Successfully returned all the notes. ","timestamp":"25-Nov-2021 14:43:32"}
{"level":"info","message":"Successfully returned all the notes. ","timestamp":"25-Nov-2021 14:44:29"}
{"level":"info","message":"Successfully returned all the notes. ","timestamp":"25-Nov-2021 14:47:05"}
{"level":"info","message":"Successfully returned all the notes. ","timestamp":"25-Nov-2021 14:49:31"}
{"level":"info","message":"Successfully returned all the notes. ","timestamp":"25-Nov-2021 14:51:46"}
{"level":"info","message":"Successfully returned all the notes. ","timestamp":"25-Nov-2021 14:56:45"}
{"level":"info","message":"Successfully updated the note","timestamp":"25-Nov-2021 15:04:26"}
{"level":"info","message":"Successfully updated the note","timestamp":"25-Nov-2021 15:04:27"}
{"level":"info","message":"Successfully updated the note","timestamp":"25-Nov-2021 15:04:29"}
{"level":"info","message":"Successfully updated the note","timestamp":"25-Nov-2021 15:04:32"}
{"level":"info","message":"Successfully returned all the notes. ","timestamp":"25-Nov-2021 15:23:07"}
{"level":"info","message":"Successfully returned all the notes. ","timestamp":"25-Nov-2021 15:23:59"}
{"level":"info","message":"Successfully returned all the notes. ","timestamp":"25-Nov-2021 15:24:01"}
{"level":"info","message":"Successfully returned all the notes. ","timestamp":"25-Nov-2021 15:24:19"}
{"level":"info","message":"Successfully returned all the notes. ","timestamp":"25-Nov-2021 15:24:21"}
{"level":"info","message":"Successfully returned all the notes. ","timestamp":"25-Nov-2021 15:24:50"}
{"level":"info","message":"Successfully returned all the notes. ","timestamp":"25-Nov-2021 15:27:55"}
{"level":"info","message":"Successfully returned all the notes. ","timestamp":"25-Nov-2021 15:28:58"}
{"level":"info","message":"Successfully returned all the notes. ","timestamp":"25-Nov-2021 15:34:26"}
{"level":"info","message":"Successfully returned all the notes. ","timestamp":"25-Nov-2021 15:39:29"}
{"level":"info","message":"Successfully returned all the notes. ","timestamp":"25-Nov-2021 15:41:14"}
{"level":"info","message":"Successfully returned all the notes. ","timestamp":"25-Nov-2021 15:41:48"}
{"level":"info","message":"Successfully returned all the notes. ","timestamp":"25-Nov-2021 15:43:33"}
{"level":"info","message":"Successfully returned all the notes. ","timestamp":"25-Nov-2021 15:43:58"}
{"level":"info","message":"Successfully returned all the notes. ","timestamp":"25-Nov-2021 15:44:38"}
{"level":"info","message":"Successfully returned all the notes. ","timestamp":"25-Nov-2021 15:53:45"}
{"level":"info","message":"Successfully returned all the notes. ","timestamp":"25-Nov-2021 15:55:07"}
{"level":"info","message":"Successfully returned all the notes. ","timestamp":"25-Nov-2021 15:55:55"}
{"level":"info","message":"Successfully returned all the notes. ","timestamp":"25-Nov-2021 15:56:49"}
{"level":"info","message":"Successfully returned all the notes. ","timestamp":"25-Nov-2021 16:00:49"}
{"level":"info","message":"Successfully returned all the notes. ","timestamp":"25-Nov-2021 16:03:26"}
{"level":"info","message":"Successfully returned all the notes. ","timestamp":"25-Nov-2021 16:10:36"}
{"level":"info","message":"Successfully returned all the notes. ","timestamp":"25-Nov-2021 16:47:04"}
{"level":"info","message":"Successfully returned all the notes. ","timestamp":"25-Nov-2021 16:47:22"}
{"level":"info","message":"Successfully returned all the notes. ","timestamp":"25-Nov-2021 16:47:36"}
{"level":"info","message":"Successfully returned all the notes. ","timestamp":"25-Nov-2021 16:48:19"}
{"level":"info","message":"Successfully returned all the notes. ","timestamp":"25-Nov-2021 16:48:38"}
{"level":"info","message":"Successfully returned all the notes. ","timestamp":"25-Nov-2021 17:02:02"}
{"level":"info","message":"Successfully returned all the notes. ","timestamp":"25-Nov-2021 17:38:58"}
{"level":"info","message":"Successfully returned all the notes. ","timestamp":"25-Nov-2021 20:31:43"}
{"level":"info","message":"Successfully created the note","timestamp":"25-Nov-2021 20:36:42"}
{"level":"info","message":"Successfully returned all the notes. ","timestamp":"25-Nov-2021 20:36:48"}
{"level":"info","message":"Successfully updated the note","timestamp":"25-Nov-2021 20:37:04"}
{"level":"info","message":"Successfully updated the note","timestamp":"25-Nov-2021 20:37:18"}
{"level":"info","message":"Successfully updated the note","timestamp":"25-Nov-2021 20:38:08"}
{"level":"info","message":"Successfully updated the note","timestamp":"25-Nov-2021 20:38:11"}
{"level":"info","message":"Successfully updated the note","timestamp":"25-Nov-2021 20:38:13"}
{"level":"info","message":"Successfully deleted the note","timestamp":"25-Nov-2021 20:38:45"}
{"level":"info","message":"Successfully updated the note","timestamp":"25-Nov-2021 20:45:00"}
{"level":"info","message":"Successfully updated the note","timestamp":"25-Nov-2021 20:45:02"}
{"level":"info","message":"Successfully returned all the notes. ","timestamp":"25-Nov-2021 22:27:05"}
{"level":"error","message":"Error retrieving note","timestamp":"25-Nov-2021 22:27:09"}
{"level":"error","message":"Error retrieving note","timestamp":"25-Nov-2021 22:27:10"}
{"level":"error","message":"Error retrieving note","timestamp":"25-Nov-2021 22:27:11"}
{"level":"error","message":"Error retrieving note","timestamp":"25-Nov-2021 22:27:11"}
{"level":"info","message":"Successfully returned all the notes. ","timestamp":"25-Nov-2021 22:30:45"}
{"level":"error","message":"Error retrieving note","timestamp":"25-Nov-2021 22:30:58"}
{"level":"info","message":"Successfully returned all the notes. ","timestamp":"25-Nov-2021 22:34:19"}
{"level":"info","message":"Successfully updated the note","timestamp":"25-Nov-2021 22:34:27"}
{"level":"info","message":"Successfully returned all the notes. ","timestamp":"25-Nov-2021 22:34:57"}
{"level":"info","message":"Successfully updated the note","timestamp":"25-Nov-2021 22:35:06"}
{"level":"info","message":"Successfully returned all the notes. ","timestamp":"25-Nov-2021 22:38:33"}
{"level":"info","message":"Successfully returned all the notes. ","timestamp":"25-Nov-2021 22:39:44"}
{"level":"info","message":"Successfully updated the note","timestamp":"25-Nov-2021 22:39:47"}
{"level":"info","message":"Successfully updated the note","timestamp":"25-Nov-2021 22:39:49"}
{"level":"info","message":"Successfully updated the note","timestamp":"25-Nov-2021 22:39:55"}
{"level":"info","message":"Successfully updated the note","timestamp":"25-Nov-2021 22:40:00"}
{"level":"info","message":"Successfully updated the note","timestamp":"25-Nov-2021 22:40:04"}
{"level":"info","message":"Successfully updated the note","timestamp":"25-Nov-2021 22:40:08"}
{"level":"info","message":"Successfully updated the note","timestamp":"25-Nov-2021 22:40:14"}
{"level":"info","message":"Successfully updated the note","timestamp":"25-Nov-2021 22:40:19"}
{"level":"info","message":"Successfully updated the note","timestamp":"25-Nov-2021 22:40:25"}
{"level":"info","message":"Successfully updated the note","timestamp":"25-Nov-2021 22:40:31"}
{"level":"info","message":"Successfully updated the note","timestamp":"25-Nov-2021 22:40:35"}
{"level":"info","message":"Successfully returned all the notes. ","timestamp":"25-Nov-2021 22:40:46"}
{"level":"info","message":"Successfully returned all the notes. ","timestamp":"25-Nov-2021 22:41:15"}
{"level":"info","message":"Successfully updated the note","timestamp":"25-Nov-2021 22:41:23"}
{"level":"info","message":"Successfully updated the note","timestamp":"25-Nov-2021 22:41:28"}
{"level":"info","message":"Successfully updated the note","timestamp":"25-Nov-2021 22:41:33"}
{"level":"info","message":"Successfully updated the note","timestamp":"25-Nov-2021 22:41:38"}
{"level":"info","message":"Successfully updated the note","timestamp":"25-Nov-2021 22:41:44"}
{"level":"info","message":"Successfully updated the note","timestamp":"25-Nov-2021 22:41:50"}
{"level":"info","message":"Successfully updated the note","timestamp":"25-Nov-2021 22:41:55"}
{"level":"info","message":"Successfully updated the note","timestamp":"25-Nov-2021 22:42:00"}
{"level":"info","message":"Successfully updated the note","timestamp":"25-Nov-2021 22:42:05"}
{"level":"info","message":"Successfully returned all the notes. ","timestamp":"25-Nov-2021 22:58:42"}
{"level":"info","message":"Successfully returned all the notes. ","timestamp":"25-Nov-2021 23:00:12"}
{"level":"info","message":"Successfully updated the note","timestamp":"25-Nov-2021 23:00:20"}
{"level":"info","message":"Successfully updated the note","timestamp":"25-Nov-2021 23:00:26"}
{"level":"info","message":"Successfully updated the note","timestamp":"25-Nov-2021 23:00:37"}
{"level":"info","message":"Successfully updated the note","timestamp":"25-Nov-2021 23:00:45"}
{"level":"info","message":"Successfully updated the note","timestamp":"25-Nov-2021 23:01:37"}
{"level":"info","message":"Successfully updated the note","timestamp":"25-Nov-2021 23:01:42"}
{"level":"info","message":"Successfully updated the note","timestamp":"25-Nov-2021 23:01:45"}
{"level":"info","message":"Successfully updated the note","timestamp":"25-Nov-2021 23:01:50"}
{"level":"info","message":"Successfully updated the note","timestamp":"25-Nov-2021 23:01:58"}
{"level":"info","message":"Successfully returned all the notes. ","timestamp":"25-Nov-2021 23:06:02"}
{"level":"info","message":"Successfully updated the note","timestamp":"25-Nov-2021 23:06:11"}
{"level":"info","message":"Successfully updated the note","timestamp":"25-Nov-2021 23:06:33"}
{"level":"info","message":"Successfully updated the note","timestamp":"25-Nov-2021 23:07:05"}
{"level":"info","message":"Successfully updated the note","timestamp":"25-Nov-2021 23:32:35"}
{"level":"info","message":"Successfully updated the note","timestamp":"25-Nov-2021 23:32:54"}
