{"level":"info","message":"Successfully found the user ","timestamp":"30-Nov-2021 09:57:43"}
{"level":"info","message":"Successfully returned all the notes. ","timestamp":"30-Nov-2021 09:57:44"}
{"level":"info","message":"Successfully updated the note","timestamp":"30-Nov-2021 09:57:49"}
{"level":"info","message":"Successfully updated the note","timestamp":"30-Nov-2021 09:57:51"}
{"level":"info","message":"Successfully updated the note","timestamp":"30-Nov-2021 09:58:02"}
{"level":"info","message":"Successfully updated the note","timestamp":"30-Nov-2021 09:58:09"}
{"level":"info","message":"Successfully updated the note","timestamp":"30-Nov-2021 09:58:16"}
{"level":"info","message":"Successfully returned all the notes. ","timestamp":"30-Nov-2021 10:22:13"}
{"level":"info","message":"Successfully returned all the notes. ","timestamp":"30-Nov-2021 10:22:29"}
{"level":"info","message":"Successfully returned all the notes. ","timestamp":"30-Nov-2021 10:22:31"}
{"level":"info","message":"Successfully returned all the notes. ","timestamp":"30-Nov-2021 10:22:41"}
{"level":"info","message":"Successfully returned all the notes. ","timestamp":"30-Nov-2021 10:41:16"}
{"level":"info","message":"Successfully returned all the notes. ","timestamp":"30-Nov-2021 10:41:44"}
{"level":"info","message":"Successfully returned all the notes. ","timestamp":"30-Nov-2021 10:41:52"}
{"level":"info","message":"Successfully returned all the notes. ","timestamp":"30-Nov-2021 10:41:53"}
{"level":"info","message":"Successfully returned all the notes. ","timestamp":"30-Nov-2021 10:41:59"}
{"level":"info","message":"Successfully returned all the notes. ","timestamp":"30-Nov-2021 10:42:40"}
{"level":"info","message":"Successfully returned all the notes. ","timestamp":"30-Nov-2021 10:42:48"}
{"level":"info","message":"Successfully returned all the notes. ","timestamp":"30-Nov-2021 10:42:50"}
{"level":"info","message":"Successfully returned all the notes. ","timestamp":"30-Nov-2021 10:42:55"}
{"level":"info","message":"Successfully returned all the notes. ","timestamp":"30-Nov-2021 10:52:30"}
{"level":"info","message":"Successfully returned all the notes. ","timestamp":"30-Nov-2021 10:56:01"}
{"level":"info","message":"Successfully returned all the notes. ","timestamp":"30-Nov-2021 10:56:37"}
{"level":"info","message":"Successfully returned all the notes. ","timestamp":"30-Nov-2021 10:56:40"}
{"level":"info","message":"Successfully found the user ","timestamp":"30-Nov-2021 11:09:13"}
{"level":"info","message":"Successfully returned all the notes. ","timestamp":"30-Nov-2021 11:09:14"}
{"level":"info","message":"Successfully returned all the notes. ","timestamp":"30-Nov-2021 12:08:39"}
{"level":"info","message":"Successfully created the note","timestamp":"30-Nov-2021 12:09:02"}
{"level":"info","message":"Successfully updated the note","timestamp":"30-Nov-2021 12:09:07"}
{"level":"info","message":"Successfully updated the note","timestamp":"30-Nov-2021 12:09:31"}
{"level":"info","message":"Successfully deleted the note","timestamp":"30-Nov-2021 12:09:36"}
{"level":"info","message":"Successfully found the user ","timestamp":"30-Nov-2021 12:10:34"}
{"level":"info","message":"Successfully returned all the notes. ","timestamp":"30-Nov-2021 12:10:35"}
{"level":"info","message":"Successfully found the user ","timestamp":"30-Nov-2021 12:11:07"}
{"level":"info","message":"Successfully returned all the notes. ","timestamp":"30-Nov-2021 12:11:08"}
{"level":"info","message":"Successfully found the user ","timestamp":"30-Nov-2021 12:30:54"}
{"level":"info","message":"Successfully returned all the notes. ","timestamp":"30-Nov-2021 12:30:55"}
{"level":"info","message":"Successfully returned all the notes. ","timestamp":"30-Nov-2021 12:31:59"}
{"level":"info","message":"Successfully found the user ","timestamp":"30-Nov-2021 12:32:18"}
{"level":"info","message":"Successfully returned all the notes. ","timestamp":"30-Nov-2021 12:32:19"}
{"level":"info","message":"Successfully found the user ","timestamp":"30-Nov-2021 12:32:57"}
{"level":"info","message":"Successfully returned all the notes. ","timestamp":"30-Nov-2021 12:32:59"}
{"level":"info","message":"Successfully found the user ","timestamp":"30-Nov-2021 12:33:53"}
{"level":"info","message":"Successfully returned all the notes. ","timestamp":"30-Nov-2021 12:33:54"}
{"level":"info","message":"Successfully found the user ","timestamp":"30-Nov-2021 12:34:31"}
{"level":"info","message":"Successfully returned all the notes. ","timestamp":"30-Nov-2021 12:34:32"}
{"level":"info","message":"Successfully found the user ","timestamp":"30-Nov-2021 12:38:30"}
{"level":"info","message":"Successfully returned all the notes. ","timestamp":"30-Nov-2021 12:38:32"}
{"level":"info","message":"Successfully returned all the notes. ","timestamp":"30-Nov-2021 12:39:15"}
{"level":"info","message":"Successfully found the user ","timestamp":"30-Nov-2021 12:39:33"}
{"level":"info","message":"Successfully returned all the notes. ","timestamp":"30-Nov-2021 12:39:33"}
{"level":"info","message":"Successfully updated the note","timestamp":"30-Nov-2021 12:43:59"}
{"level":"info","message":"Successfully updated the note","timestamp":"30-Nov-2021 12:44:00"}
{"level":"info","message":"Successfully updated the note","timestamp":"30-Nov-2021 12:44:02"}
{"level":"info","message":"Successfully updated the note","timestamp":"30-Nov-2021 12:44:12"}
{"level":"info","message":"Successfully updated the note","timestamp":"30-Nov-2021 14:19:08"}
{"level":"info","message":"Successfully updated the note","timestamp":"30-Nov-2021 14:19:16"}
{"level":"info","message":"Successfully returned all the notes. ","timestamp":"30-Nov-2021 14:21:52"}
{"level":"info","message":"Successfully created the note","timestamp":"30-Nov-2021 14:22:26"}
{"level":"info","message":"Successfully updated the note","timestamp":"30-Nov-2021 14:26:20"}
{"level":"info","message":"Successfully updated the note","timestamp":"30-Nov-2021 14:26:27"}
{"level":"info","message":"Successfully updated the note","timestamp":"30-Nov-2021 14:28:54"}
{"level":"info","message":"Successfully updated the note","timestamp":"30-Nov-2021 14:29:14"}
{"level":"info","message":"Successfully updated the note","timestamp":"30-Nov-2021 14:29:21"}
{"level":"info","message":"Successfully created the note","timestamp":"30-Nov-2021 14:29:38"}
{"level":"info","message":"Successfully created the note","timestamp":"30-Nov-2021 14:31:59"}
{"level":"info","message":"Successfully created the note","timestamp":"30-Nov-2021 14:32:52"}
{"level":"info","message":"Successfully updated the note","timestamp":"30-Nov-2021 14:32:59"}
{"level":"info","message":"Successfully updated the note","timestamp":"30-Nov-2021 14:33:01"}
{"level":"info","message":"Successfully deleted the note","timestamp":"30-Nov-2021 14:33:06"}
{"level":"info","message":"Successfully deleted the note","timestamp":"30-Nov-2021 14:33:07"}
{"level":"info","message":"Successfully updated the note","timestamp":"30-Nov-2021 14:35:34"}
{"level":"info","message":"Successfully returned all the notes. ","timestamp":"30-Nov-2021 14:38:01"}
{"level":"info","message":"Successfully updated the note","timestamp":"30-Nov-2021 14:46:32"}
{"level":"info","message":"Successfully updated the note","timestamp":"30-Nov-2021 14:46:48"}
{"level":"info","message":"Successfully updated the note","timestamp":"30-Nov-2021 14:46:58"}
{"level":"info","message":"Successfully updated the note","timestamp":"30-Nov-2021 14:47:20"}
{"level":"info","message":"Successfully updated the note","timestamp":"30-Nov-2021 14:47:33"}
{"level":"info","message":"Successfully updated the note","timestamp":"30-Nov-2021 14:47:40"}
{"level":"info","message":"Successfully deleted the note","timestamp":"30-Nov-2021 14:47:56"}
{"level":"info","message":"Successfully deleted the note","timestamp":"30-Nov-2021 14:47:57"}
{"level":"info","message":"Successfully created the note","timestamp":"30-Nov-2021 14:48:26"}
{"level":"info","message":"Successfully updated the note","timestamp":"30-Nov-2021 14:48:30"}
{"level":"info","message":"Successfully updated the note","timestamp":"30-Nov-2021 14:48:34"}
{"level":"info","message":"Successfully returned all the notes. ","timestamp":"30-Nov-2021 14:48:39"}
{"level":"info","message":"Successfully found the user ","timestamp":"30-Nov-2021 14:48:52"}
{"level":"info","message":"Successfully returned all the notes. ","timestamp":"30-Nov-2021 14:48:53"}
{"level":"info","message":"Successfully updated the note","timestamp":"30-Nov-2021 14:51:48"}
{"level":"info","message":"Successfully returned all the notes. ","timestamp":"30-Nov-2021 17:01:25"}
{"level":"info","message":"Successfully found the user ","timestamp":"30-Nov-2021 17:10:14"}
{"level":"info","message":"Successfully returned all the notes. ","timestamp":"30-Nov-2021 17:10:14"}
{"level":"info","message":"Successfully found the user ","timestamp":"30-Nov-2021 17:22:03"}
{"level":"info","message":"Successfully returned all the notes. ","timestamp":"30-Nov-2021 17:22:06"}
{"level":"info","message":"Successfully created the note","timestamp":"30-Nov-2021 17:22:49"}
{"level":"info","message":"Successfully updated the note","timestamp":"30-Nov-2021 17:22:58"}
{"level":"info","message":"Successfully updated the note","timestamp":"30-Nov-2021 17:22:59"}
{"level":"info","message":"Successfully updated the note","timestamp":"30-Nov-2021 17:22:59"}
{"level":"info","message":"Successfully updated the note","timestamp":"30-Nov-2021 17:23:00"}
{"level":"info","message":"Successfully updated the note","timestamp":"30-Nov-2021 17:23:01"}
{"level":"info","message":"Successfully updated the note","timestamp":"30-Nov-2021 17:23:11"}
{"level":"info","message":"Successfully updated the note","timestamp":"30-Nov-2021 17:23:23"}
{"level":"info","message":"Successfully updated the note","timestamp":"30-Nov-2021 17:23:26"}
{"level":"info","message":"Successfully updated the note","timestamp":"30-Nov-2021 17:23:29"}
{"level":"info","message":"Successfully updated the note","timestamp":"30-Nov-2021 17:24:45"}
{"level":"info","message":"Successfully updated the note","timestamp":"30-Nov-2021 17:24:53"}
{"level":"info","message":"Successfully found the user ","timestamp":"30-Nov-2021 17:27:35"}
{"level":"info","message":"Successfully returned all the notes. ","timestamp":"30-Nov-2021 17:27:37"}
{"level":"info","message":"Successfully updated the note","timestamp":"30-Nov-2021 17:28:22"}
{"level":"info","message":"Successfully returned all the notes. ","timestamp":"30-Nov-2021 17:28:48"}
{"level":"info","message":"Successfully updated the note","timestamp":"30-Nov-2021 17:29:05"}
{"level":"info","message":"Successfully returned all the notes. ","timestamp":"30-Nov-2021 17:29:21"}
{"level":"info","message":"Successfully updated the note","timestamp":"30-Nov-2021 17:29:39"}
{"level":"info","message":"Successfully updated the note","timestamp":"30-Nov-2021 17:29:48"}
{"level":"info","message":"Successfully returned all the notes. ","timestamp":"30-Nov-2021 17:30:03"}
{"level":"info","message":"Successfully returned all the notes. ","timestamp":"30-Nov-2021 17:30:08"}
