{"level":"info","message":"Successfully returned all the notes. ","timestamp":"27-Nov-2021 09:22:54"}
{"level":"info","message":"Successfully updated the note","timestamp":"27-Nov-2021 09:35:37"}
{"level":"info","message":"Successfully returned all the notes. ","timestamp":"27-Nov-2021 09:50:15"}
{"level":"info","message":"Successfully returned all the notes. ","timestamp":"27-Nov-2021 09:50:18"}
{"level":"info","message":"Successfully returned all the notes. ","timestamp":"27-Nov-2021 09:50:36"}
{"level":"info","message":"Successfully returned all the notes. ","timestamp":"27-Nov-2021 10:14:33"}
{"level":"info","message":"Successfully returned all the notes. ","timestamp":"27-Nov-2021 10:21:44"}
{"level":"info","message":"Successfully returned all the notes. ","timestamp":"27-Nov-2021 10:21:58"}
{"level":"info","message":"Successfully returned all the notes. ","timestamp":"27-Nov-2021 10:22:01"}
{"level":"info","message":"Successfully returned all the notes. ","timestamp":"27-Nov-2021 10:22:04"}
{"level":"info","message":"Successfully found the user ","timestamp":"27-Nov-2021 10:38:17"}
{"level":"info","message":"Successfully returned all the notes. ","timestamp":"27-Nov-2021 10:38:19"}
{"level":"info","message":"Successfully updated the note","timestamp":"27-Nov-2021 10:38:25"}
{"level":"info","message":"Successfully updated the note","timestamp":"27-Nov-2021 10:38:30"}
{"level":"info","message":"Successfully updated the note","timestamp":"27-Nov-2021 11:09:58"}
{"level":"info","message":"Successfully updated the note","timestamp":"27-Nov-2021 11:10:01"}
{"level":"info","message":"Successfully updated the note","timestamp":"27-Nov-2021 11:10:03"}
{"level":"info","message":"Successfully updated the note","timestamp":"27-Nov-2021 11:34:57"}
{"level":"info","message":"Successfully updated the note","timestamp":"27-Nov-2021 11:35:02"}
{"level":"info","message":"Successfully updated the note","timestamp":"27-Nov-2021 11:35:06"}
{"level":"info","message":"Successfully updated the note","timestamp":"27-Nov-2021 11:35:13"}
{"level":"info","message":"Successfully updated the note","timestamp":"27-Nov-2021 11:35:20"}
{"level":"info","message":"Successfully updated the note","timestamp":"27-Nov-2021 11:35:23"}
{"level":"info","message":"Successfully updated the note","timestamp":"27-Nov-2021 11:35:29"}
{"level":"info","message":"Successfully updated the note","timestamp":"27-Nov-2021 11:35:33"}
{"level":"info","message":"Successfully updated the note","timestamp":"27-Nov-2021 11:35:36"}
{"level":"info","message":"Successfully updated the note","timestamp":"27-Nov-2021 11:35:38"}
{"level":"info","message":"Successfully updated the note","timestamp":"27-Nov-2021 11:35:41"}
{"level":"info","message":"Successfully updated the note","timestamp":"27-Nov-2021 11:35:44"}
{"level":"info","message":"Successfully updated the note","timestamp":"27-Nov-2021 11:35:48"}
{"level":"info","message":"Successfully updated the note","timestamp":"27-Nov-2021 11:35:53"}
{"level":"info","message":"Successfully updated the note","timestamp":"27-Nov-2021 11:35:57"}
{"level":"info","message":"Successfully updated the note","timestamp":"27-Nov-2021 11:48:09"}
{"level":"info","message":"Successfully found the user ","timestamp":"27-Nov-2021 11:50:29"}
{"level":"info","message":"Successfully returned all the notes. ","timestamp":"27-Nov-2021 11:50:39"}
{"level":"info","message":"Successfully found the user ","timestamp":"27-Nov-2021 12:00:37"}
{"level":"info","message":"Successfully found the user ","timestamp":"27-Nov-2021 12:05:43"}
{"level":"info","message":"Successfully returned all the notes. ","timestamp":"27-Nov-2021 12:05:51"}
{"level":"info","message":"Successfully found the user ","timestamp":"27-Nov-2021 12:07:04"}
{"level":"info","message":"Successfully returned all the notes. ","timestamp":"27-Nov-2021 12:07:14"}
{"level":"info","message":"Successfully found the user ","timestamp":"27-Nov-2021 12:07:41"}
{"level":"info","message":"Successfully returned all the notes. ","timestamp":"27-Nov-2021 12:07:47"}
{"level":"info","message":"Successfully found the user ","timestamp":"27-Nov-2021 12:10:33"}
{"level":"error","message":"User not found","timestamp":"27-Nov-2021 12:11:15"}
{"level":"error","message":"User not found","timestamp":"27-Nov-2021 12:12:05"}
{"level":"info","message":"Successfully found the user ","timestamp":"27-Nov-2021 12:13:06"}
{"level":"info","message":"Successfully returned all the notes. ","timestamp":"27-Nov-2021 12:13:12"}
{"level":"info","message":"Successfully found the user ","timestamp":"27-Nov-2021 12:19:44"}
{"level":"info","message":"Successfully returned all the notes. ","timestamp":"27-Nov-2021 12:19:45"}
{"level":"info","message":"Successfully found the user ","timestamp":"27-Nov-2021 12:20:31"}
{"level":"info","message":"Successfully returned all the notes. ","timestamp":"27-Nov-2021 12:20:32"}
{"level":"info","message":"Successfully found the user ","timestamp":"27-Nov-2021 12:33:36"}
{"level":"info","message":"Successfully returned all the notes. ","timestamp":"27-Nov-2021 12:33:38"}
{"level":"error","message":"User not found","timestamp":"27-Nov-2021 12:34:22"}
{"level":"info","message":"Successfully found the user ","timestamp":"27-Nov-2021 12:34:35"}
{"level":"info","message":"Successfully returned all the notes. ","timestamp":"27-Nov-2021 12:34:36"}
{"level":"info","message":"Successfully updated the note","timestamp":"27-Nov-2021 12:34:43"}
{"level":"info","message":"Successfully found the user ","timestamp":"27-Nov-2021 14:00:04"}
{"level":"info","message":"Successfully returned all the notes. ","timestamp":"27-Nov-2021 14:00:05"}
{"level":"info","message":"Successfully found the user ","timestamp":"27-Nov-2021 14:08:26"}
{"level":"info","message":"Successfully returned all the notes. ","timestamp":"27-Nov-2021 14:08:27"}
{"level":"info","message":"Successfully updated the note","timestamp":"27-Nov-2021 14:38:15"}
{"level":"info","message":"Successfully updated the note","timestamp":"27-Nov-2021 14:38:27"}
{"level":"info","message":"Successfully updated the note","timestamp":"27-Nov-2021 14:38:34"}
{"level":"info","message":"Successfully updated the note","timestamp":"27-Nov-2021 14:38:35"}
{"level":"info","message":"Successfully updated the note","timestamp":"27-Nov-2021 14:38:39"}
{"level":"info","message":"Successfully updated the note","timestamp":"27-Nov-2021 14:38:44"}
{"level":"info","message":"Successfully updated the note","timestamp":"27-Nov-2021 14:38:47"}
{"level":"info","message":"Successfully updated the note","timestamp":"27-Nov-2021 14:38:53"}
{"level":"info","message":"Successfully updated the note","timestamp":"27-Nov-2021 14:38:57"}
{"level":"info","message":"Successfully found the user ","timestamp":"27-Nov-2021 14:41:05"}
{"level":"info","message":"Successfully found the user ","timestamp":"27-Nov-2021 14:41:33"}
{"level":"info","message":"Successfully returned all the notes. ","timestamp":"27-Nov-2021 14:41:41"}
{"level":"info","message":"Successfully returned all the notes. ","timestamp":"27-Nov-2021 14:41:49"}
{"level":"info","message":"Successfully found the user ","timestamp":"27-Nov-2021 14:42:11"}
{"level":"info","message":"Successfully returned all the notes. ","timestamp":"27-Nov-2021 14:42:17"}
{"level":"info","message":"Successfully returned all the notes. ","timestamp":"27-Nov-2021 14:42:32"}
{"level":"info","message":"Successfully found the user ","timestamp":"27-Nov-2021 14:42:54"}
{"level":"info","message":"Successfully returned all the notes. ","timestamp":"27-Nov-2021 14:42:54"}
{"level":"info","message":"Successfully created the note","timestamp":"27-Nov-2021 14:43:44"}
{"level":"info","message":"Successfully created the note","timestamp":"27-Nov-2021 14:43:58"}
{"level":"info","message":"Successfully created the note","timestamp":"27-Nov-2021 14:44:11"}
{"level":"info","message":"Successfully created the note","timestamp":"27-Nov-2021 14:44:24"}
{"level":"info","message":"Successfully created the note","timestamp":"27-Nov-2021 14:44:35"}
{"level":"info","message":"Successfully created the note","timestamp":"27-Nov-2021 14:44:47"}
{"level":"info","message":"Successfully updated the note","timestamp":"27-Nov-2021 14:44:48"}
{"level":"info","message":"Successfully returned all the notes. ","timestamp":"27-Nov-2021 14:45:09"}
{"level":"info","message":"Successfully updated the note","timestamp":"27-Nov-2021 14:47:51"}
{"level":"info","message":"Successfully updated the note","timestamp":"27-Nov-2021 14:48:02"}
{"level":"info","message":"Successfully returned all the notes. ","timestamp":"27-Nov-2021 14:48:12"}
{"level":"info","message":"Successfully returned all the notes. ","timestamp":"27-Nov-2021 14:48:14"}
{"level":"info","message":"Successfully returned all the notes. ","timestamp":"27-Nov-2021 14:48:18"}
{"level":"info","message":"Successfully found the user ","timestamp":"27-Nov-2021 14:48:39"}
{"level":"info","message":"Successfully returned all the notes. ","timestamp":"27-Nov-2021 14:48:43"}
{"level":"info","message":"Successfully updated the note","timestamp":"27-Nov-2021 14:49:02"}
{"level":"info","message":"Successfully updated the note","timestamp":"27-Nov-2021 14:49:02"}
{"level":"info","message":"Successfully updated the note","timestamp":"27-Nov-2021 14:49:02"}
{"level":"info","message":"Successfully updated the note","timestamp":"27-Nov-2021 14:49:07"}
{"level":"info","message":"Successfully updated the note","timestamp":"27-Nov-2021 14:49:10"}
{"level":"info","message":"Successfully updated the note","timestamp":"27-Nov-2021 14:49:14"}
{"level":"info","message":"Successfully updated the note","timestamp":"27-Nov-2021 14:49:17"}
{"level":"info","message":"Successfully updated the note","timestamp":"27-Nov-2021 14:49:20"}
{"level":"info","message":"Successfully updated the note","timestamp":"27-Nov-2021 14:49:26"}
{"level":"info","message":"Successfully returned all the notes. ","timestamp":"27-Nov-2021 14:49:34"}
{"level":"info","message":"Successfully updated the note","timestamp":"27-Nov-2021 14:49:37"}
{"level":"info","message":"Successfully updated the note","timestamp":"27-Nov-2021 14:49:40"}
{"level":"info","message":"Successfully returned all the notes. ","timestamp":"27-Nov-2021 14:49:42"}
{"level":"info","message":"Successfully found the user ","timestamp":"27-Nov-2021 14:55:03"}
{"level":"info","message":"Successfully returned all the notes. ","timestamp":"27-Nov-2021 14:55:04"}
{"level":"info","message":"Successfully found the user ","timestamp":"27-Nov-2021 15:16:24"}
{"level":"info","message":"Successfully found the user ","timestamp":"27-Nov-2021 15:16:24"}
{"level":"info","message":"Successfully returned all the notes. ","timestamp":"27-Nov-2021 15:16:33"}
{"level":"info","message":"Successfully found the user ","timestamp":"27-Nov-2021 15:17:04"}
{"level":"info","message":"Successfully returned all the notes. ","timestamp":"27-Nov-2021 15:17:06"}
{"level":"info","message":"Successfully returned all the notes. ","timestamp":"27-Nov-2021 17:54:32"}
{"level":"info","message":"Successfully returned all the notes. ","timestamp":"27-Nov-2021 18:04:05"}
{"level":"info","message":"Successfully returned all the notes. ","timestamp":"27-Nov-2021 18:14:26"}
{"level":"info","message":"Successfully updated the note","timestamp":"27-Nov-2021 18:14:36"}
{"level":"info","message":"Successfully returned all the notes. ","timestamp":"27-Nov-2021 18:15:01"}
{"level":"info","message":"Successfully returned all the notes. ","timestamp":"27-Nov-2021 18:16:52"}
{"level":"info","message":"Successfully returned all the notes. ","timestamp":"27-Nov-2021 18:17:00"}
{"level":"info","message":"Successfully returned all the notes. ","timestamp":"27-Nov-2021 18:17:21"}
{"level":"info","message":"Successfully updated the note","timestamp":"27-Nov-2021 18:18:30"}
{"level":"info","message":"Successfully returned all the notes. ","timestamp":"27-Nov-2021 18:20:25"}
{"level":"info","message":"Successfully updated the note","timestamp":"27-Nov-2021 18:37:14"}
{"level":"info","message":"Successfully updated the note","timestamp":"27-Nov-2021 18:37:28"}
{"level":"info","message":"Successfully returned all the notes. ","timestamp":"27-Nov-2021 19:04:08"}
{"level":"info","message":"Successfully returned all the notes. ","timestamp":"27-Nov-2021 19:04:55"}
{"level":"info","message":"Successfully returned all the notes. ","timestamp":"27-Nov-2021 19:05:46"}
{"level":"info","message":"Successfully returned all the notes. ","timestamp":"27-Nov-2021 19:07:00"}
{"level":"info","message":"Successfully returned all the notes. ","timestamp":"27-Nov-2021 19:14:16"}
{"level":"info","message":"Successfully returned all the notes. ","timestamp":"27-Nov-2021 19:14:44"}
{"level":"info","message":"Successfully returned all the notes. ","timestamp":"27-Nov-2021 19:15:29"}
{"level":"info","message":"Successfully returned all the notes. ","timestamp":"27-Nov-2021 19:16:40"}
{"level":"info","message":"Successfully returned all the notes. ","timestamp":"27-Nov-2021 19:16:50"}
{"level":"info","message":"Successfully found the user ","timestamp":"27-Nov-2021 19:17:01"}
{"level":"info","message":"Successfully returned all the notes. ","timestamp":"27-Nov-2021 19:17:02"}
{"level":"info","message":"Successfully returned all the notes. ","timestamp":"27-Nov-2021 19:17:54"}
{"level":"info","message":"Successfully returned all the notes. ","timestamp":"27-Nov-2021 19:18:47"}
{"level":"info","message":"Successfully returned all the notes. ","timestamp":"27-Nov-2021 19:19:18"}
{"level":"info","message":"Successfully returned all the notes. ","timestamp":"27-Nov-2021 19:21:34"}
{"level":"info","message":"Successfully returned all the notes. ","timestamp":"27-Nov-2021 19:22:22"}
{"level":"info","message":"Successfully returned all the notes. ","timestamp":"27-Nov-2021 19:22:49"}
{"level":"info","message":"Successfully returned all the notes. ","timestamp":"27-Nov-2021 19:24:20"}
{"level":"info","message":"Successfully returned all the notes. ","timestamp":"27-Nov-2021 19:25:47"}
{"level":"info","message":"Successfully returned all the notes. ","timestamp":"27-Nov-2021 19:26:11"}
{"level":"info","message":"Successfully returned all the notes. ","timestamp":"27-Nov-2021 19:34:21"}
{"level":"info","message":"Successfully returned all the notes. ","timestamp":"27-Nov-2021 19:34:43"}
{"level":"info","message":"Successfully returned all the notes. ","timestamp":"27-Nov-2021 19:34:46"}
{"level":"info","message":"Successfully returned all the notes. ","timestamp":"27-Nov-2021 19:37:19"}
{"level":"info","message":"Successfully returned all the notes. ","timestamp":"27-Nov-2021 19:37:36"}
{"level":"info","message":"Successfully returned all the notes. ","timestamp":"27-Nov-2021 19:46:08"}
{"level":"info","message":"Successfully returned all the notes. ","timestamp":"27-Nov-2021 21:53:31"}
{"level":"info","message":"Successfully returned all the notes. ","timestamp":"27-Nov-2021 21:53:34"}
{"level":"info","message":"Successfully returned all the notes. ","timestamp":"27-Nov-2021 21:57:48"}
{"level":"info","message":"Successfully returned all the notes. ","timestamp":"27-Nov-2021 21:58:15"}
{"level":"info","message":"Successfully updated the note","timestamp":"27-Nov-2021 22:04:33"}
{"level":"info","message":"Successfully updated the note","timestamp":"27-Nov-2021 22:04:35"}
{"level":"info","message":"Successfully returned all the notes. ","timestamp":"27-Nov-2021 22:11:55"}
{"level":"info","message":"Successfully returned all the notes. ","timestamp":"27-Nov-2021 23:10:20"}
{"level":"info","message":"Successfully returned all the notes. ","timestamp":"27-Nov-2021 23:10:43"}
{"level":"info","message":"Successfully returned all the notes. ","timestamp":"27-Nov-2021 23:11:11"}
{"level":"info","message":"Successfully returned all the notes. ","timestamp":"27-Nov-2021 23:23:14"}
{"level":"info","message":"Successfully returned all the notes. ","timestamp":"27-Nov-2021 23:36:16"}
{"level":"info","message":"Successfully returned all the notes. ","timestamp":"27-Nov-2021 23:44:31"}
{"level":"info","message":"Successfully returned all the notes. ","timestamp":"27-Nov-2021 23:45:36"}
