{"level":"info","message":"Successfully returned all the notes. ","timestamp":"29-Nov-2021 09:13:40"}
{"level":"info","message":"Successfully found the user ","timestamp":"29-Nov-2021 09:14:09"}
{"level":"info","message":"Successfully returned all the notes. ","timestamp":"29-Nov-2021 09:14:10"}
{"level":"info","message":"Successfully created the note","timestamp":"29-Nov-2021 09:15:00"}
{"level":"info","message":"Successfully updated the note","timestamp":"29-Nov-2021 09:15:06"}
{"level":"info","message":"Successfully updated the note","timestamp":"29-Nov-2021 09:15:07"}
{"level":"info","message":"Successfully updated the note","timestamp":"29-Nov-2021 09:15:09"}
{"level":"info","message":"Successfully updated the note","timestamp":"29-Nov-2021 09:15:11"}
{"level":"info","message":"Successfully deleted the note","timestamp":"29-Nov-2021 09:15:15"}
{"level":"info","message":"Successfully returned all the notes. ","timestamp":"29-Nov-2021 09:18:58"}
{"level":"info","message":"Successfully created the note","timestamp":"29-Nov-2021 09:21:49"}
{"level":"info","message":"Successfully updated the note","timestamp":"29-Nov-2021 09:22:05"}
{"level":"info","message":"Successfully updated the note","timestamp":"29-Nov-2021 09:22:47"}
{"level":"info","message":"Successfully created the note","timestamp":"29-Nov-2021 09:31:23"}
{"level":"info","message":"Successfully updated the note","timestamp":"29-Nov-2021 09:31:33"}
{"level":"info","message":"Successfully updated the note","timestamp":"29-Nov-2021 09:31:35"}
{"level":"info","message":"Successfully updated the note","timestamp":"29-Nov-2021 09:31:37"}
{"level":"info","message":"Successfully deleted the note","timestamp":"29-Nov-2021 09:32:19"}
{"level":"info","message":"Successfully deleted the note","timestamp":"29-Nov-2021 09:32:20"}
{"level":"info","message":"Successfully returned all the notes. ","timestamp":"29-Nov-2021 09:32:27"}
{"level":"info","message":"Successfully returned all the notes. ","timestamp":"29-Nov-2021 09:34:17"}
{"level":"info","message":"Successfully returned all the notes. ","timestamp":"29-Nov-2021 09:34:24"}
{"level":"info","message":"Successfully returned all the notes. ","timestamp":"29-Nov-2021 09:34:26"}
{"level":"info","message":"Successfully returned all the notes. ","timestamp":"29-Nov-2021 09:34:32"}
{"level":"info","message":"Successfully returned all the notes. ","timestamp":"29-Nov-2021 09:37:16"}
{"level":"info","message":"Successfully returned all the notes. ","timestamp":"29-Nov-2021 09:37:17"}
{"level":"info","message":"Successfully returned all the notes. ","timestamp":"29-Nov-2021 09:38:51"}
{"level":"info","message":"Successfully updated the note","timestamp":"29-Nov-2021 09:38:55"}
{"level":"info","message":"Successfully updated the note","timestamp":"29-Nov-2021 09:38:56"}
{"level":"info","message":"Successfully updated the note","timestamp":"29-Nov-2021 09:38:58"}
{"level":"info","message":"Successfully updated the note","timestamp":"29-Nov-2021 09:39:04"}
{"level":"info","message":"Successfully returned all the notes. ","timestamp":"29-Nov-2021 09:39:13"}
{"level":"info","message":"Successfully returned all the notes. ","timestamp":"29-Nov-2021 09:39:38"}
{"level":"info","message":"Successfully returned all the notes. ","timestamp":"29-Nov-2021 09:39:46"}
{"level":"info","message":"Successfully returned all the notes. ","timestamp":"29-Nov-2021 09:39:48"}
{"level":"info","message":"Successfully returned all the notes. ","timestamp":"29-Nov-2021 09:39:54"}
{"level":"info","message":"Successfully returned all the notes. ","timestamp":"29-Nov-2021 11:13:33"}
{"level":"info","message":"Successfully updated the note","timestamp":"29-Nov-2021 11:13:57"}
{"level":"info","message":"Successfully updated the note","timestamp":"29-Nov-2021 11:14:19"}
{"level":"info","message":"Successfully updated the note","timestamp":"29-Nov-2021 12:03:56"}
{"level":"info","message":"Successfully updated the note","timestamp":"29-Nov-2021 12:04:03"}
{"level":"info","message":"Successfully updated the note","timestamp":"29-Nov-2021 12:04:21"}
{"level":"info","message":"Successfully returned all the notes. ","timestamp":"29-Nov-2021 12:05:20"}
{"level":"info","message":"Successfully returned all the notes. ","timestamp":"29-Nov-2021 12:06:16"}
{"level":"info","message":"Successfully found the user ","timestamp":"29-Nov-2021 14:26:38"}
{"level":"info","message":"Successfully returned all the notes. ","timestamp":"29-Nov-2021 14:26:40"}
{"level":"info","message":"Successfully returned all the notes. ","timestamp":"29-Nov-2021 14:27:47"}
{"level":"info","message":"Successfully returned all the notes. ","timestamp":"29-Nov-2021 14:29:04"}
{"level":"info","message":"Successfully returned all the notes. ","timestamp":"29-Nov-2021 14:29:34"}
{"level":"info","message":"Successfully returned all the notes. ","timestamp":"29-Nov-2021 14:29:52"}
{"level":"info","message":"Successfully returned all the notes. ","timestamp":"29-Nov-2021 14:30:30"}
{"level":"info","message":"Successfully returned all the notes. ","timestamp":"29-Nov-2021 15:05:26"}
{"level":"info","message":"Successfully returned all the notes. ","timestamp":"29-Nov-2021 15:05:29"}
{"level":"info","message":"Successfully returned all the notes. ","timestamp":"29-Nov-2021 15:08:20"}
{"level":"info","message":"Successfully returned all the notes. ","timestamp":"29-Nov-2021 15:35:29"}
{"level":"info","message":"Successfully returned all the notes. ","timestamp":"29-Nov-2021 15:40:32"}
{"level":"info","message":"Successfully updated the note","timestamp":"29-Nov-2021 15:40:46"}
{"level":"info","message":"Successfully updated the note","timestamp":"29-Nov-2021 15:41:36"}
{"level":"info","message":"Successfully updated the note","timestamp":"29-Nov-2021 15:52:16"}
{"level":"info","message":"Successfully updated the note","timestamp":"29-Nov-2021 15:52:35"}
{"level":"info","message":"Successfully updated the note","timestamp":"29-Nov-2021 15:53:03"}
{"level":"info","message":"Successfully updated the note","timestamp":"29-Nov-2021 15:53:11"}
{"level":"info","message":"Successfully updated the note","timestamp":"29-Nov-2021 15:53:21"}
{"level":"info","message":"Successfully updated the note","timestamp":"29-Nov-2021 15:53:28"}
{"level":"info","message":"Successfully returned all the notes. ","timestamp":"29-Nov-2021 15:53:33"}
{"level":"info","message":"Successfully updated the note","timestamp":"29-Nov-2021 16:08:26"}
{"level":"info","message":"Successfully created the note","timestamp":"29-Nov-2021 16:08:47"}
{"level":"info","message":"Successfully updated the note","timestamp":"29-Nov-2021 16:08:58"}
{"level":"info","message":"Successfully updated the note","timestamp":"29-Nov-2021 16:08:59"}
{"level":"info","message":"Successfully updated the note","timestamp":"29-Nov-2021 16:09:06"}
{"level":"info","message":"Successfully updated the note","timestamp":"29-Nov-2021 16:09:46"}
{"level":"info","message":"Successfully updated the note","timestamp":"29-Nov-2021 16:09:49"}
{"level":"info","message":"Successfully deleted the note","timestamp":"29-Nov-2021 16:09:53"}
{"level":"info","message":"Successfully returned all the notes. ","timestamp":"29-Nov-2021 16:32:14"}
{"level":"info","message":"Successfully updated the note","timestamp":"29-Nov-2021 16:37:08"}
{"level":"info","message":"Successfully updated the note","timestamp":"29-Nov-2021 16:37:11"}
{"level":"info","message":"Successfully updated the note","timestamp":"29-Nov-2021 16:37:12"}
{"level":"info","message":"Successfully updated the note","timestamp":"29-Nov-2021 16:37:14"}
{"level":"info","message":"Successfully updated the note","timestamp":"29-Nov-2021 16:49:37"}
{"level":"info","message":"Successfully updated the note","timestamp":"29-Nov-2021 16:51:11"}
{"level":"info","message":"Successfully updated the note","timestamp":"29-Nov-2021 16:51:14"}
{"level":"info","message":"Successfully updated the note","timestamp":"29-Nov-2021 16:51:18"}
{"level":"info","message":"Successfully updated the note","timestamp":"29-Nov-2021 16:51:21"}
{"level":"info","message":"Successfully updated the note","timestamp":"29-Nov-2021 16:58:43"}
{"level":"info","message":"Successfully updated the note","timestamp":"29-Nov-2021 16:58:50"}
{"level":"info","message":"Successfully updated the note","timestamp":"29-Nov-2021 16:59:42"}
{"level":"info","message":"Successfully updated the note","timestamp":"29-Nov-2021 16:59:44"}
{"level":"info","message":"Successfully updated the note","timestamp":"29-Nov-2021 17:16:13"}
{"level":"info","message":"Successfully updated the note","timestamp":"29-Nov-2021 17:16:15"}
{"level":"info","message":"Successfully updated the note","timestamp":"29-Nov-2021 17:16:16"}
{"level":"info","message":"Successfully updated the note","timestamp":"29-Nov-2021 17:16:18"}
{"level":"info","message":"Successfully returned all the notes. ","timestamp":"29-Nov-2021 17:25:02"}
{"level":"info","message":"Successfully updated the note","timestamp":"29-Nov-2021 17:30:49"}
{"level":"error","message":"Note a valid title name","timestamp":"29-Nov-2021 17:30:55"}
{"level":"info","message":"Successfully updated the note","timestamp":"29-Nov-2021 17:31:04"}
{"level":"info","message":"Successfully updated the note","timestamp":"29-Nov-2021 17:31:12"}
{"level":"info","message":"Successfully updated the note","timestamp":"29-Nov-2021 17:32:08"}
{"level":"info","message":"Successfully updated the note","timestamp":"29-Nov-2021 17:32:10"}
{"level":"info","message":"Successfully updated the note","timestamp":"29-Nov-2021 17:32:16"}
{"level":"info","message":"Successfully returned all the notes. ","timestamp":"29-Nov-2021 17:37:52"}
{"level":"info","message":"Successfully updated the note","timestamp":"29-Nov-2021 17:38:09"}
{"level":"info","message":"Successfully updated the note","timestamp":"29-Nov-2021 17:38:25"}
{"level":"info","message":"Successfully returned all the notes. ","timestamp":"29-Nov-2021 17:39:54"}
{"level":"info","message":"Successfully returned all the notes. ","timestamp":"29-Nov-2021 17:41:03"}
{"level":"info","message":"Successfully returned all the notes. ","timestamp":"29-Nov-2021 17:57:12"}
{"level":"info","message":"Successfully updated the note","timestamp":"29-Nov-2021 17:58:29"}
{"level":"info","message":"Successfully returned all the notes. ","timestamp":"29-Nov-2021 18:03:45"}
{"level":"info","message":"Successfully returned all the notes. ","timestamp":"29-Nov-2021 18:03:55"}
{"level":"info","message":"Successfully returned all the notes. ","timestamp":"29-Nov-2021 18:07:00"}
{"level":"info","message":"Successfully returned all the notes. ","timestamp":"29-Nov-2021 18:07:05"}
{"level":"info","message":"Successfully returned all the notes. ","timestamp":"29-Nov-2021 18:07:36"}
{"level":"info","message":"Successfully returned all the notes. ","timestamp":"29-Nov-2021 18:07:40"}
{"level":"info","message":"Successfully returned all the notes. ","timestamp":"29-Nov-2021 18:07:51"}
{"level":"info","message":"Successfully returned all the notes. ","timestamp":"29-Nov-2021 18:08:07"}
{"level":"info","message":"Successfully returned all the notes. ","timestamp":"29-Nov-2021 18:16:38"}
{"level":"info","message":"Successfully updated the note","timestamp":"29-Nov-2021 18:16:47"}
{"level":"info","message":"Successfully returned all the notes. ","timestamp":"29-Nov-2021 18:17:33"}
{"level":"info","message":"Successfully updated the note","timestamp":"29-Nov-2021 18:17:53"}
{"level":"info","message":"Successfully updated the note","timestamp":"29-Nov-2021 18:30:01"}
{"level":"info","message":"Successfully returned all the notes. ","timestamp":"29-Nov-2021 18:35:06"}
{"level":"info","message":"Successfully returned all the notes. ","timestamp":"29-Nov-2021 18:39:12"}
{"level":"info","message":"Successfully returned all the notes. ","timestamp":"29-Nov-2021 18:42:44"}
{"level":"info","message":"Successfully returned all the notes. ","timestamp":"29-Nov-2021 19:34:04"}
{"level":"info","message":"Successfully returned all the notes. ","timestamp":"29-Nov-2021 19:34:11"}
{"level":"info","message":"Successfully returned all the notes. ","timestamp":"29-Nov-2021 19:34:16"}
{"level":"info","message":"Successfully returned all the notes. ","timestamp":"29-Nov-2021 19:34:20"}
{"level":"info","message":"Successfully returned all the notes. ","timestamp":"29-Nov-2021 19:35:15"}
{"level":"info","message":"Successfully returned all the notes. ","timestamp":"29-Nov-2021 19:43:04"}
{"level":"info","message":"Successfully returned all the notes. ","timestamp":"29-Nov-2021 19:43:21"}
{"level":"info","message":"Successfully returned all the notes. ","timestamp":"29-Nov-2021 19:51:51"}
{"level":"info","message":"Successfully created the note","timestamp":"29-Nov-2021 19:54:39"}
{"level":"info","message":"Successfully returned all the notes. ","timestamp":"29-Nov-2021 19:56:07"}
{"level":"info","message":"Successfully returned all the notes. ","timestamp":"29-Nov-2021 19:56:18"}
{"level":"info","message":"Successfully returned all the notes. ","timestamp":"29-Nov-2021 19:56:58"}
{"level":"info","message":"Successfully returned all the notes. ","timestamp":"29-Nov-2021 19:58:29"}
{"level":"info","message":"Successfully returned all the notes. ","timestamp":"29-Nov-2021 19:59:36"}
{"level":"info","message":"Successfully returned all the notes. ","timestamp":"29-Nov-2021 19:59:49"}
{"level":"info","message":"Successfully returned all the notes. ","timestamp":"29-Nov-2021 20:00:29"}
{"level":"info","message":"Successfully returned all the notes. ","timestamp":"29-Nov-2021 20:08:42"}
{"level":"info","message":"Successfully returned all the notes. ","timestamp":"29-Nov-2021 20:13:27"}
{"level":"info","message":"Successfully returned all the notes. ","timestamp":"29-Nov-2021 20:13:52"}
{"level":"info","message":"Successfully returned all the notes. ","timestamp":"29-Nov-2021 20:14:18"}
{"level":"info","message":"Successfully returned all the notes. ","timestamp":"29-Nov-2021 20:14:38"}
{"level":"info","message":"Successfully updated the note","timestamp":"29-Nov-2021 20:15:16"}
{"level":"info","message":"Successfully created the note","timestamp":"29-Nov-2021 20:15:26"}
{"level":"info","message":"Successfully updated the note","timestamp":"29-Nov-2021 20:16:00"}
{"level":"info","message":"Successfully returned all the notes. ","timestamp":"29-Nov-2021 20:25:50"}
{"level":"info","message":"Successfully returned all the notes. ","timestamp":"29-Nov-2021 20:30:14"}
{"level":"info","message":"Successfully returned all the notes. ","timestamp":"29-Nov-2021 20:32:51"}
{"level":"info","message":"Successfully returned all the notes. ","timestamp":"29-Nov-2021 20:34:48"}
{"level":"info","message":"Successfully returned all the notes. ","timestamp":"29-Nov-2021 20:35:02"}
{"level":"info","message":"Successfully returned all the notes. ","timestamp":"29-Nov-2021 21:35:44"}
{"level":"info","message":"Successfully updated the note","timestamp":"29-Nov-2021 21:51:01"}
{"level":"info","message":"Successfully returned all the notes. ","timestamp":"29-Nov-2021 22:10:52"}
{"level":"info","message":"Successfully updated the note","timestamp":"29-Nov-2021 22:21:29"}
{"level":"info","message":"Successfully updated the note","timestamp":"29-Nov-2021 22:21:47"}
{"level":"info","message":"Successfully updated the note","timestamp":"29-Nov-2021 22:21:50"}
{"level":"info","message":"Successfully deleted the note","timestamp":"29-Nov-2021 22:21:57"}
{"level":"info","message":"Successfully deleted the note","timestamp":"29-Nov-2021 22:21:58"}
{"level":"info","message":"Successfully returned all the notes. ","timestamp":"29-Nov-2021 22:47:27"}
{"level":"info","message":"Successfully updated the note","timestamp":"29-Nov-2021 22:47:34"}
{"level":"info","message":"Successfully returned all the notes. ","timestamp":"29-Nov-2021 22:50:39"}
{"level":"info","message":"Successfully returned all the notes. ","timestamp":"29-Nov-2021 22:51:29"}
{"level":"info","message":"Successfully found the user ","timestamp":"29-Nov-2021 22:57:38"}
{"level":"info","message":"Successfully returned all the notes. ","timestamp":"29-Nov-2021 22:57:39"}
{"level":"info","message":"Successfully updated the note","timestamp":"29-Nov-2021 22:58:02"}
{"level":"info","message":"Successfully updated the note","timestamp":"29-Nov-2021 22:58:12"}
{"level":"info","message":"Successfully found the user ","timestamp":"29-Nov-2021 23:02:59"}
{"level":"info","message":"Successfully returned all the notes. ","timestamp":"29-Nov-2021 23:03:00"}
{"level":"info","message":"Successfully created the note","timestamp":"29-Nov-2021 23:09:10"}
{"level":"info","message":"Successfully updated the note","timestamp":"29-Nov-2021 23:09:30"}
{"level":"info","message":"Successfully updated the note","timestamp":"29-Nov-2021 23:09:33"}
{"level":"info","message":"Successfully updated the note","timestamp":"29-Nov-2021 23:09:38"}
{"level":"info","message":"Successfully updated the note","timestamp":"29-Nov-2021 23:09:40"}
{"level":"info","message":"Successfully updated the note","timestamp":"29-Nov-2021 23:09:43"}
{"level":"info","message":"Successfully deleted the note","timestamp":"29-Nov-2021 23:09:48"}
{"level":"info","message":"Successfully returned all the notes. ","timestamp":"29-Nov-2021 23:27:36"}
{"level":"info","message":"Successfully found the user ","timestamp":"29-Nov-2021 23:34:52"}
{"level":"info","message":"Successfully returned all the notes. ","timestamp":"29-Nov-2021 23:34:53"}
{"level":"info","message":"Successfully returned all the notes. ","timestamp":"29-Nov-2021 23:51:50"}
{"level":"info","message":"Successfully returned all the notes. ","timestamp":"29-Nov-2021 23:52:23"}
{"level":"info","message":"Successfully returned all the notes. ","timestamp":"29-Nov-2021 23:53:05"}
{"level":"info","message":"Successfully returned all the notes. ","timestamp":"29-Nov-2021 23:53:17"}
{"level":"info","message":"Successfully returned all the notes. ","timestamp":"29-Nov-2021 23:53:38"}
