{"level":"info","message":"Successfully found the user ","timestamp":"23-Nov-2021 08:58:45"}
{"level":"info","message":"Successfully returned all the notes. ","timestamp":"23-Nov-2021 08:58:46"}
{"level":"info","message":"Successfully returned all the notes. ","timestamp":"23-Nov-2021 09:21:45"}
{"level":"info","message":"Successfully updated the note","timestamp":"23-Nov-2021 09:25:20"}
{"level":"info","message":"Successfully returned all the notes. ","timestamp":"23-Nov-2021 09:25:23"}
{"level":"info","message":"Successfully returned all the notes. ","timestamp":"23-Nov-2021 09:25:30"}
{"level":"info","message":"Successfully updated the note","timestamp":"23-Nov-2021 09:27:11"}
{"level":"info","message":"Successfully returned all the notes. ","timestamp":"23-Nov-2021 09:27:36"}
{"level":"info","message":"Successfully updated the note","timestamp":"23-Nov-2021 09:31:54"}
{"level":"info","message":"Successfully returned all the notes. ","timestamp":"23-Nov-2021 09:32:54"}
{"level":"info","message":"Successfully returned all the notes. ","timestamp":"23-Nov-2021 10:10:01"}
{"level":"info","message":"Successfully returned all the notes. ","timestamp":"23-Nov-2021 10:32:49"}
{"level":"info","message":"Successfully returned all the notes. ","timestamp":"23-Nov-2021 10:57:59"}
{"level":"error","message":"Note not found ","timestamp":"23-Nov-2021 10:58:07"}
{"level":"info","message":"Successfully returned all the notes. ","timestamp":"23-Nov-2021 10:58:09"}
{"level":"error","message":"Note not found ","timestamp":"23-Nov-2021 10:59:02"}
{"level":"error","message":"Note not found ","timestamp":"23-Nov-2021 10:59:34"}
{"level":"error","message":"Note not found ","timestamp":"23-Nov-2021 11:01:22"}
{"level":"info","message":"Successfully returned all the notes. ","timestamp":"23-Nov-2021 11:01:30"}
{"level":"error","message":"Note not found ","timestamp":"23-Nov-2021 11:01:36"}
{"level":"info","message":"Successfully updated the note","timestamp":"23-Nov-2021 11:01:54"}
{"level":"info","message":"Successfully returned all the notes. ","timestamp":"23-Nov-2021 11:02:00"}
{"level":"info","message":"Successfully returned all the notes. ","timestamp":"23-Nov-2021 11:10:28"}
{"level":"info","message":"Successfully updated the note","timestamp":"23-Nov-2021 11:10:39"}
{"level":"info","message":"Successfully returned all the notes. ","timestamp":"23-Nov-2021 11:12:03"}
{"level":"info","message":"Successfully updated the note","timestamp":"23-Nov-2021 11:18:01"}
{"level":"info","message":"Successfully returned all the notes. ","timestamp":"23-Nov-2021 11:18:18"}
{"level":"info","message":"Successfully updated the note","timestamp":"23-Nov-2021 11:28:52"}
{"level":"info","message":"Successfully returned all the notes. ","timestamp":"23-Nov-2021 11:28:58"}
{"level":"info","message":"Successfully updated the note","timestamp":"23-Nov-2021 11:29:10"}
{"level":"info","message":"Successfully updated the note","timestamp":"23-Nov-2021 11:30:27"}
{"level":"info","message":"Successfully updated the note","timestamp":"23-Nov-2021 11:30:39"}
{"level":"info","message":"Successfully updated the note","timestamp":"23-Nov-2021 11:31:34"}
{"level":"info","message":"Successfully updated the note","timestamp":"23-Nov-2021 11:32:05"}
{"level":"info","message":"Successfully returned all the notes. ","timestamp":"23-Nov-2021 11:32:39"}
{"level":"info","message":"Successfully returned all the notes. ","timestamp":"23-Nov-2021 11:36:29"}
{"level":"info","message":"Successfully returned all the notes. ","timestamp":"23-Nov-2021 11:37:17"}
{"level":"info","message":"Successfully returned all the notes. ","timestamp":"23-Nov-2021 11:37:54"}
{"level":"info","message":"Successfully updated the note","timestamp":"23-Nov-2021 11:39:18"}
{"level":"info","message":"Successfully updated the note","timestamp":"23-Nov-2021 12:11:10"}
{"level":"info","message":"Successfully updated the note","timestamp":"23-Nov-2021 12:14:38"}
{"level":"info","message":"Successfully updated the note","timestamp":"23-Nov-2021 12:14:39"}
{"level":"info","message":"Successfully updated the note","timestamp":"23-Nov-2021 12:14:39"}
{"level":"info","message":"Successfully updated the note","timestamp":"23-Nov-2021 12:14:40"}
{"level":"info","message":"Successfully returned all the notes. ","timestamp":"23-Nov-2021 12:19:07"}
{"level":"info","message":"Successfully updated the note","timestamp":"23-Nov-2021 12:19:09"}
{"level":"info","message":"Successfully returned all the notes. ","timestamp":"23-Nov-2021 12:19:11"}
{"level":"info","message":"Successfully updated the note","timestamp":"23-Nov-2021 12:25:46"}
{"level":"info","message":"Successfully returned all the notes. ","timestamp":"23-Nov-2021 12:25:48"}
{"level":"info","message":"Successfully updated the note","timestamp":"23-Nov-2021 12:25:58"}
{"level":"info","message":"Successfully updated the note","timestamp":"23-Nov-2021 12:26:12"}
{"level":"info","message":"Successfully returned all the notes. ","timestamp":"23-Nov-2021 12:26:15"}
{"level":"info","message":"Successfully returned all the notes. ","timestamp":"23-Nov-2021 13:35:09"}
{"level":"info","message":"Successfully updated the note","timestamp":"23-Nov-2021 13:35:41"}
{"level":"info","message":"Successfully updated the note","timestamp":"23-Nov-2021 13:35:48"}
{"level":"info","message":"Successfully updated the note","timestamp":"23-Nov-2021 13:35:53"}
{"level":"info","message":"Successfully updated the note","timestamp":"23-Nov-2021 13:36:03"}
{"level":"info","message":"Successfully updated the note","timestamp":"23-Nov-2021 13:36:09"}
{"level":"info","message":"Successfully updated the note","timestamp":"23-Nov-2021 13:36:19"}
{"level":"info","message":"Successfully updated the note","timestamp":"23-Nov-2021 13:36:26"}
{"level":"info","message":"Successfully created the note","timestamp":"23-Nov-2021 13:58:28"}
{"level":"error","message":"Note not found ","timestamp":"23-Nov-2021 13:58:33"}
{"level":"info","message":"Successfully returned all the notes. ","timestamp":"23-Nov-2021 13:58:45"}
{"level":"info","message":"Successfully updated the note","timestamp":"23-Nov-2021 13:58:51"}
{"level":"info","message":"Successfully updated the note","timestamp":"23-Nov-2021 13:59:02"}
{"level":"info","message":"Successfully found the user ","timestamp":"23-Nov-2021 14:35:26"}
{"level":"info","message":"Successfully returned all the notes. ","timestamp":"23-Nov-2021 14:35:27"}
{"level":"info","message":"Successfully deleted the note","timestamp":"23-Nov-2021 14:45:06"}
{"level":"info","message":"Successfully returned all the notes. ","timestamp":"23-Nov-2021 14:45:09"}
{"level":"info","message":"Successfully updated the note","timestamp":"23-Nov-2021 14:45:19"}
{"level":"info","message":"Successfully created the note","timestamp":"23-Nov-2021 14:45:45"}
{"level":"info","message":"Successfully created the note","timestamp":"23-Nov-2021 14:46:05"}
{"level":"info","message":"Successfully created the note","timestamp":"23-Nov-2021 14:46:18"}
{"level":"info","message":"Successfully created the note","timestamp":"23-Nov-2021 14:46:32"}
{"level":"info","message":"Successfully created the note","timestamp":"23-Nov-2021 14:46:42"}
{"level":"info","message":"Successfully created the note","timestamp":"23-Nov-2021 14:46:55"}
{"level":"info","message":"Successfully returned all the notes. ","timestamp":"23-Nov-2021 14:46:58"}
{"level":"info","message":"Successfully updated the note","timestamp":"23-Nov-2021 14:47:53"}
{"level":"info","message":"Successfully returned all the notes. ","timestamp":"23-Nov-2021 14:47:56"}
{"level":"info","message":"Successfully returned all the notes. ","timestamp":"23-Nov-2021 14:50:52"}
{"level":"info","message":"Successfully found the user ","timestamp":"23-Nov-2021 15:09:27"}
{"level":"info","message":"Successfully returned all the notes. ","timestamp":"23-Nov-2021 15:09:28"}
{"level":"info","message":"Successfully updated the note","timestamp":"23-Nov-2021 15:16:46"}
{"level":"info","message":"Successfully updated the note","timestamp":"23-Nov-2021 15:16:50"}
{"level":"info","message":"Successfully updated the note","timestamp":"23-Nov-2021 15:16:55"}
{"level":"info","message":"Successfully returned all the notes. ","timestamp":"23-Nov-2021 15:29:03"}
{"level":"info","message":"Successfully updated the note","timestamp":"23-Nov-2021 15:29:18"}
{"level":"info","message":"Successfully returned all the notes. ","timestamp":"23-Nov-2021 15:33:45"}
{"level":"info","message":"Successfully updated the note","timestamp":"23-Nov-2021 15:34:04"}
{"level":"info","message":"Successfully updated the note","timestamp":"23-Nov-2021 15:35:12"}
{"level":"info","message":"Successfully returned all the notes. ","timestamp":"23-Nov-2021 15:47:16"}
{"level":"info","message":"Successfully returned all the notes. ","timestamp":"23-Nov-2021 15:47:55"}
{"level":"info","message":"Successfully updated the note","timestamp":"23-Nov-2021 15:47:58"}
{"level":"info","message":"Successfully returned all the notes. ","timestamp":"23-Nov-2021 15:51:06"}
{"level":"info","message":"Successfully returned all the notes. ","timestamp":"23-Nov-2021 15:51:31"}
{"level":"info","message":"Successfully returned all the notes. ","timestamp":"23-Nov-2021 15:51:34"}
{"level":"info","message":"Successfully returned all the notes. ","timestamp":"23-Nov-2021 15:52:04"}
{"level":"info","message":"Successfully returned all the notes. ","timestamp":"23-Nov-2021 15:52:07"}
{"level":"info","message":"Successfully returned all the notes. ","timestamp":"23-Nov-2021 15:52:17"}
{"level":"info","message":"Successfully returned all the notes. ","timestamp":"23-Nov-2021 15:52:31"}
{"level":"info","message":"Successfully updated the note","timestamp":"23-Nov-2021 15:53:05"}
{"level":"info","message":"Successfully returned all the notes. ","timestamp":"23-Nov-2021 16:04:04"}
{"level":"info","message":"Successfully updated the note","timestamp":"23-Nov-2021 16:04:48"}
{"level":"info","message":"Successfully returned all the notes. ","timestamp":"23-Nov-2021 16:05:34"}
{"level":"info","message":"Successfully updated the note","timestamp":"23-Nov-2021 16:05:46"}
{"level":"info","message":"Successfully returned all the notes. ","timestamp":"23-Nov-2021 16:26:34"}
{"level":"info","message":"Successfully returned all the notes. ","timestamp":"23-Nov-2021 16:27:00"}
{"level":"info","message":"Successfully updated the note","timestamp":"23-Nov-2021 16:27:18"}
{"level":"info","message":"Successfully returned all the notes. ","timestamp":"23-Nov-2021 16:28:11"}
{"level":"info","message":"Successfully returned all the notes. ","timestamp":"23-Nov-2021 16:29:08"}
{"level":"info","message":"Successfully returned all the notes. ","timestamp":"23-Nov-2021 16:29:43"}
{"level":"info","message":"Successfully returned all the notes. ","timestamp":"23-Nov-2021 16:39:05"}
{"level":"info","message":"Successfully returned all the notes. ","timestamp":"23-Nov-2021 16:55:30"}
{"level":"info","message":"Successfully updated the note","timestamp":"23-Nov-2021 16:56:22"}
{"level":"info","message":"Successfully returned all the notes. ","timestamp":"23-Nov-2021 17:20:12"}
{"level":"info","message":"Successfully returned all the notes. ","timestamp":"23-Nov-2021 17:20:20"}
{"level":"info","message":"Successfully returned all the notes. ","timestamp":"23-Nov-2021 17:21:13"}
{"level":"info","message":"Successfully returned all the notes. ","timestamp":"23-Nov-2021 17:22:10"}
{"level":"info","message":"Successfully returned all the notes. ","timestamp":"23-Nov-2021 17:26:51"}
{"level":"info","message":"Successfully returned all the notes. ","timestamp":"23-Nov-2021 17:26:56"}
{"level":"info","message":"Successfully returned all the notes. ","timestamp":"23-Nov-2021 17:27:42"}
{"level":"info","message":"Successfully returned all the notes. ","timestamp":"23-Nov-2021 18:00:53"}
{"level":"info","message":"Successfully updated the note","timestamp":"23-Nov-2021 18:01:22"}
{"level":"info","message":"Successfully updated the note","timestamp":"23-Nov-2021 18:01:30"}
{"level":"info","message":"Successfully updated the note","timestamp":"23-Nov-2021 18:01:39"}
{"level":"info","message":"Successfully updated the note","timestamp":"23-Nov-2021 18:01:41"}
{"level":"info","message":"Successfully returned all the notes. ","timestamp":"23-Nov-2021 18:01:48"}
{"level":"info","message":"Successfully updated the note","timestamp":"23-Nov-2021 18:01:54"}
{"level":"info","message":"Successfully returned all the notes. ","timestamp":"23-Nov-2021 18:02:00"}
{"level":"info","message":"Successfully updated the note","timestamp":"23-Nov-2021 18:02:07"}
{"level":"info","message":"Successfully returned all the notes. ","timestamp":"23-Nov-2021 19:18:44"}
{"level":"info","message":"Successfully returned all the notes. ","timestamp":"23-Nov-2021 19:18:44"}
{"level":"info","message":"Successfully deleted the note","timestamp":"23-Nov-2021 19:18:48"}
{"level":"info","message":"Successfully returned all the notes. ","timestamp":"23-Nov-2021 19:18:50"}
{"level":"info","message":"Successfully updated the note","timestamp":"23-Nov-2021 19:55:59"}
{"level":"info","message":"Successfully deleted the note","timestamp":"23-Nov-2021 19:56:04"}
{"level":"info","message":"Successfully returned all the notes. ","timestamp":"23-Nov-2021 19:56:29"}
{"level":"info","message":"Successfully returned all the notes. ","timestamp":"23-Nov-2021 20:01:54"}
{"level":"info","message":"Successfully deleted the note","timestamp":"23-Nov-2021 20:03:05"}
{"level":"info","message":"Successfully returned all the notes. ","timestamp":"23-Nov-2021 20:03:16"}
{"level":"info","message":"Successfully returned all the notes. ","timestamp":"23-Nov-2021 20:06:40"}
{"level":"info","message":"Successfully deleted the note","timestamp":"23-Nov-2021 20:06:51"}
{"level":"info","message":"Successfully deleted the note","timestamp":"23-Nov-2021 20:07:13"}
{"level":"info","message":"Successfully deleted the note","timestamp":"23-Nov-2021 20:07:15"}
{"level":"info","message":"Successfully returned all the notes. ","timestamp":"23-Nov-2021 20:14:23"}
{"level":"info","message":"Successfully created the note","timestamp":"23-Nov-2021 20:15:01"}
{"level":"info","message":"Successfully created the note","timestamp":"23-Nov-2021 20:15:37"}
{"level":"info","message":"Successfully created the note","timestamp":"23-Nov-2021 20:15:51"}
{"level":"info","message":"Successfully created the note","timestamp":"23-Nov-2021 20:16:04"}
{"level":"info","message":"Successfully created the note","timestamp":"23-Nov-2021 20:16:15"}
{"level":"info","message":"Successfully created the note","timestamp":"23-Nov-2021 20:16:26"}
{"level":"error","message":"Note not found","timestamp":"23-Nov-2021 20:16:32"}
{"level":"info","message":"Successfully returned all the notes. ","timestamp":"23-Nov-2021 20:16:50"}
{"level":"info","message":"Successfully deleted the note","timestamp":"23-Nov-2021 20:16:57"}
{"level":"info","message":"Successfully updated the note","timestamp":"23-Nov-2021 20:19:15"}
{"level":"info","message":"Successfully updated the note","timestamp":"23-Nov-2021 20:19:40"}
{"level":"info","message":"Successfully returned all the notes. ","timestamp":"23-Nov-2021 22:14:38"}
{"level":"info","message":"Successfully returned all the notes. ","timestamp":"23-Nov-2021 22:16:15"}
{"level":"info","message":"Successfully returned all the notes. ","timestamp":"23-Nov-2021 22:18:52"}
{"level":"info","message":"Successfully returned all the notes. ","timestamp":"23-Nov-2021 22:20:30"}
{"level":"info","message":"Successfully returned all the notes. ","timestamp":"23-Nov-2021 22:21:10"}
{"level":"info","message":"Successfully returned all the notes. ","timestamp":"23-Nov-2021 22:22:36"}
{"level":"info","message":"Successfully returned all the notes. ","timestamp":"23-Nov-2021 22:41:57"}
{"level":"info","message":"Successfully returned all the notes. ","timestamp":"23-Nov-2021 22:42:00"}
{"level":"info","message":"Successfully returned all the notes. ","timestamp":"23-Nov-2021 22:43:17"}
{"level":"info","message":"Successfully returned all the notes. ","timestamp":"23-Nov-2021 22:49:55"}
{"level":"info","message":"Successfully returned all the notes. ","timestamp":"23-Nov-2021 22:50:49"}
{"level":"info","message":"Successfully returned all the notes. ","timestamp":"23-Nov-2021 22:57:49"}
{"level":"info","message":"Successfully returned all the notes. ","timestamp":"23-Nov-2021 22:58:52"}
{"level":"info","message":"Successfully returned all the notes. ","timestamp":"23-Nov-2021 22:59:35"}
{"level":"info","message":"Successfully returned all the notes. ","timestamp":"23-Nov-2021 23:00:05"}
{"level":"info","message":"Successfully returned all the notes. ","timestamp":"23-Nov-2021 23:01:41"}
{"level":"info","message":"Successfully returned all the notes. ","timestamp":"23-Nov-2021 23:01:58"}
{"level":"info","message":"Successfully returned all the notes. ","timestamp":"23-Nov-2021 23:02:53"}
{"level":"info","message":"Successfully returned all the notes. ","timestamp":"23-Nov-2021 23:03:11"}
{"level":"info","message":"Successfully returned all the notes. ","timestamp":"23-Nov-2021 23:25:05"}
{"level":"info","message":"Successfully returned all the notes. ","timestamp":"23-Nov-2021 23:25:19"}
{"level":"info","message":"Successfully returned all the notes. ","timestamp":"23-Nov-2021 23:25:21"}
{"level":"info","message":"Successfully returned all the notes. ","timestamp":"23-Nov-2021 23:26:26"}
{"level":"info","message":"Successfully returned all the notes. ","timestamp":"23-Nov-2021 23:26:30"}
{"level":"info","message":"Successfully returned all the notes. ","timestamp":"23-Nov-2021 23:26:36"}
{"level":"info","message":"Successfully returned all the notes. ","timestamp":"23-Nov-2021 23:26:39"}
{"level":"info","message":"Successfully returned all the notes. ","timestamp":"23-Nov-2021 23:26:59"}
{"level":"info","message":"Successfully returned all the notes. ","timestamp":"23-Nov-2021 23:27:04"}
{"level":"info","message":"Successfully returned all the notes. ","timestamp":"23-Nov-2021 23:28:35"}
{"level":"info","message":"Successfully returned all the notes. ","timestamp":"23-Nov-2021 23:28:38"}
{"level":"info","message":"Successfully returned all the notes. ","timestamp":"23-Nov-2021 23:29:19"}
{"level":"info","message":"Successfully returned all the notes. ","timestamp":"23-Nov-2021 23:29:21"}
{"level":"info","message":"Successfully returned all the notes. ","timestamp":"23-Nov-2021 23:29:25"}
{"level":"info","message":"Successfully returned all the notes. ","timestamp":"23-Nov-2021 23:29:38"}
{"level":"info","message":"Successfully returned all the notes. ","timestamp":"23-Nov-2021 23:29:57"}
{"level":"info","message":"Successfully returned all the notes. ","timestamp":"23-Nov-2021 23:31:22"}
{"level":"info","message":"Successfully returned all the notes. ","timestamp":"23-Nov-2021 23:31:25"}
{"level":"info","message":"Successfully returned all the notes. ","timestamp":"23-Nov-2021 23:31:28"}
{"level":"info","message":"Successfully returned all the notes. ","timestamp":"23-Nov-2021 23:31:39"}
{"level":"info","message":"Successfully returned all the notes. ","timestamp":"23-Nov-2021 23:32:02"}
{"level":"info","message":"Successfully returned all the notes. ","timestamp":"23-Nov-2021 23:32:06"}
{"level":"info","message":"Successfully returned all the notes. ","timestamp":"23-Nov-2021 23:32:30"}
{"level":"info","message":"Successfully returned all the notes. ","timestamp":"23-Nov-2021 23:32:40"}
{"level":"info","message":"Successfully returned all the notes. ","timestamp":"23-Nov-2021 23:33:02"}
{"level":"info","message":"Successfully returned all the notes. ","timestamp":"23-Nov-2021 23:33:06"}
{"level":"info","message":"Successfully returned all the notes. ","timestamp":"23-Nov-2021 23:33:39"}
{"level":"info","message":"Successfully returned all the notes. ","timestamp":"23-Nov-2021 23:33:45"}
{"level":"info","message":"Successfully returned all the notes. ","timestamp":"23-Nov-2021 23:35:09"}
{"level":"info","message":"Successfully returned all the notes. ","timestamp":"23-Nov-2021 23:35:13"}
{"level":"info","message":"Successfully returned all the notes. ","timestamp":"23-Nov-2021 23:35:31"}
{"level":"info","message":"Successfully returned all the notes. ","timestamp":"23-Nov-2021 23:36:50"}
{"level":"info","message":"Successfully returned all the notes. ","timestamp":"23-Nov-2021 23:40:00"}
{"level":"info","message":"Successfully returned all the notes. ","timestamp":"23-Nov-2021 23:40:28"}
{"level":"info","message":"Successfully returned all the notes. ","timestamp":"23-Nov-2021 23:42:59"}
{"level":"info","message":"Successfully returned all the notes. ","timestamp":"23-Nov-2021 23:43:02"}
{"level":"info","message":"Successfully returned all the notes. ","timestamp":"23-Nov-2021 23:45:42"}
{"level":"info","message":"Successfully returned all the notes. ","timestamp":"23-Nov-2021 23:49:27"}
{"level":"info","message":"Successfully returned all the notes. ","timestamp":"23-Nov-2021 23:49:35"}
{"level":"info","message":"Successfully returned all the notes. ","timestamp":"23-Nov-2021 23:49:37"}
{"level":"info","message":"Successfully returned all the notes. ","timestamp":"23-Nov-2021 23:49:42"}
