{"level":"info","message":"Successfully returned all the notes. ","timestamp":"24-Nov-2021 08:58:58"}
{"level":"info","message":"Successfully returned all the notes. ","timestamp":"24-Nov-2021 10:10:49"}
{"level":"info","message":"Successfully updated the note","timestamp":"24-Nov-2021 10:11:23"}
{"level":"info","message":"Successfully updated the note","timestamp":"24-Nov-2021 10:11:27"}
{"level":"info","message":"Successfully returned all the notes. ","timestamp":"24-Nov-2021 10:34:48"}
{"level":"info","message":"Successfully returned all the notes. ","timestamp":"24-Nov-2021 10:35:00"}
{"level":"info","message":"Successfully updated the note","timestamp":"24-Nov-2021 10:35:05"}
{"level":"info","message":"Successfully returned all the notes. ","timestamp":"24-Nov-2021 10:35:16"}
{"level":"info","message":"Successfully returned all the notes. ","timestamp":"24-Nov-2021 11:03:22"}
{"level":"info","message":"Successfully returned all the notes. ","timestamp":"24-Nov-2021 11:03:33"}
{"level":"info","message":"Successfully updated the note","timestamp":"24-Nov-2021 11:03:38"}
{"level":"info","message":"Successfully returned all the notes. ","timestamp":"24-Nov-2021 11:03:44"}
{"level":"info","message":"Successfully returned all the notes. ","timestamp":"24-Nov-2021 11:21:40"}
{"level":"info","message":"Successfully created the note","timestamp":"24-Nov-2021 11:22:15"}
{"level":"info","message":"Successfully created the note","timestamp":"24-Nov-2021 11:22:31"}
{"level":"error","message":"Note not found ","timestamp":"24-Nov-2021 11:22:33"}
{"level":"info","message":"Successfully returned all the notes. ","timestamp":"24-Nov-2021 11:22:44"}
{"level":"info","message":"Successfully created the note","timestamp":"24-Nov-2021 11:27:17"}
{"level":"info","message":"Successfully returned all the notes. ","timestamp":"24-Nov-2021 11:27:32"}
{"level":"info","message":"Successfully returned all the notes. ","timestamp":"24-Nov-2021 11:29:00"}
{"level":"info","message":"Successfully returned all the notes. ","timestamp":"24-Nov-2021 11:31:55"}
{"level":"info","message":"Successfully returned all the notes. ","timestamp":"24-Nov-2021 11:32:59"}
{"level":"info","message":"Successfully returned all the notes. ","timestamp":"24-Nov-2021 11:34:32"}
{"level":"info","message":"Successfully returned all the notes. ","timestamp":"24-Nov-2021 11:34:35"}
{"level":"info","message":"Successfully returned all the notes. ","timestamp":"24-Nov-2021 11:34:46"}
{"level":"info","message":"Successfully returned all the notes. ","timestamp":"24-Nov-2021 11:35:05"}
{"level":"info","message":"Successfully returned all the notes. ","timestamp":"24-Nov-2021 11:36:40"}
{"level":"info","message":"Successfully returned all the notes. ","timestamp":"24-Nov-2021 11:36:52"}
{"level":"info","message":"Successfully returned all the notes. ","timestamp":"24-Nov-2021 11:36:55"}
{"level":"info","message":"Successfully updated the note","timestamp":"24-Nov-2021 11:37:05"}
{"level":"info","message":"Successfully returned all the notes. ","timestamp":"24-Nov-2021 11:37:10"}
{"level":"info","message":"Successfully updated the note","timestamp":"24-Nov-2021 11:37:20"}
{"level":"info","message":"Successfully returned all the notes. ","timestamp":"24-Nov-2021 11:45:08"}
{"level":"info","message":"Successfully updated the note","timestamp":"24-Nov-2021 11:45:15"}
{"level":"info","message":"Successfully returned all the notes. ","timestamp":"24-Nov-2021 11:45:23"}
{"level":"info","message":"Successfully updated the note","timestamp":"24-Nov-2021 11:45:42"}
{"level":"info","message":"Successfully returned all the notes. ","timestamp":"24-Nov-2021 11:45:49"}
{"level":"info","message":"Successfully returned all the notes. ","timestamp":"24-Nov-2021 12:07:16"}
{"level":"info","message":"Successfully returned all the notes. ","timestamp":"24-Nov-2021 12:07:18"}
{"level":"info","message":"Successfully updated the note","timestamp":"24-Nov-2021 12:07:21"}
{"level":"info","message":"Successfully updated the note","timestamp":"24-Nov-2021 12:07:21"}
{"level":"info","message":"Successfully updated the note","timestamp":"24-Nov-2021 12:07:21"}
{"level":"info","message":"Successfully updated the note","timestamp":"24-Nov-2021 12:07:21"}
{"level":"info","message":"Successfully updated the note","timestamp":"24-Nov-2021 12:07:22"}
{"level":"info","message":"Successfully updated the note","timestamp":"24-Nov-2021 12:07:22"}
{"level":"info","message":"Successfully updated the note","timestamp":"24-Nov-2021 12:07:25"}
{"level":"info","message":"Successfully updated the note","timestamp":"24-Nov-2021 12:07:25"}
{"level":"info","message":"Successfully updated the note","timestamp":"24-Nov-2021 12:07:25"}
{"level":"info","message":"Successfully updated the note","timestamp":"24-Nov-2021 12:07:25"}
{"level":"info","message":"Successfully updated the note","timestamp":"24-Nov-2021 12:07:32"}
{"level":"info","message":"Successfully updated the note","timestamp":"24-Nov-2021 12:07:32"}
{"level":"info","message":"Successfully updated the note","timestamp":"24-Nov-2021 12:07:32"}
{"level":"info","message":"Successfully updated the note","timestamp":"24-Nov-2021 12:07:32"}
{"level":"info","message":"Successfully updated the note","timestamp":"24-Nov-2021 12:07:33"}
{"level":"info","message":"Successfully updated the note","timestamp":"24-Nov-2021 12:07:33"}
{"level":"info","message":"Successfully updated the note","timestamp":"24-Nov-2021 12:07:33"}
{"level":"info","message":"Successfully updated the note","timestamp":"24-Nov-2021 12:07:33"}
{"level":"info","message":"Successfully updated the note","timestamp":"24-Nov-2021 12:07:39"}
{"level":"info","message":"Successfully updated the note","timestamp":"24-Nov-2021 12:07:39"}
{"level":"info","message":"Successfully returned all the notes. ","timestamp":"24-Nov-2021 12:07:41"}
{"level":"info","message":"Successfully updated the note","timestamp":"24-Nov-2021 12:07:54"}
{"level":"info","message":"Successfully updated the note","timestamp":"24-Nov-2021 12:07:54"}
{"level":"info","message":"Successfully returned all the notes. ","timestamp":"24-Nov-2021 12:08:03"}
{"level":"info","message":"Successfully updated the note","timestamp":"24-Nov-2021 12:08:13"}
{"level":"info","message":"Successfully updated the note","timestamp":"24-Nov-2021 12:08:15"}
{"level":"info","message":"Successfully updated the note","timestamp":"24-Nov-2021 12:08:16"}
{"level":"info","message":"Successfully updated the note","timestamp":"24-Nov-2021 12:08:18"}
{"level":"info","message":"Successfully updated the note","timestamp":"24-Nov-2021 12:08:22"}
{"level":"info","message":"Successfully updated the note","timestamp":"24-Nov-2021 12:08:22"}
{"level":"info","message":"Successfully returned all the notes. ","timestamp":"24-Nov-2021 12:08:27"}
{"level":"info","message":"Successfully returned all the notes. ","timestamp":"24-Nov-2021 12:08:39"}
{"level":"info","message":"Successfully returned all the notes. ","timestamp":"24-Nov-2021 12:08:42"}
{"level":"info","message":"Successfully updated the note","timestamp":"24-Nov-2021 12:08:49"}
{"level":"info","message":"Successfully returned all the notes. ","timestamp":"24-Nov-2021 12:08:52"}
{"level":"info","message":"Successfully returned all the notes. ","timestamp":"24-Nov-2021 12:08:58"}
{"level":"info","message":"Successfully updated the note","timestamp":"24-Nov-2021 12:09:00"}
{"level":"info","message":"Successfully updated the note","timestamp":"24-Nov-2021 12:09:00"}
{"level":"info","message":"Successfully updated the note","timestamp":"24-Nov-2021 12:09:01"}
{"level":"info","message":"Successfully updated the note","timestamp":"24-Nov-2021 12:09:01"}
{"level":"info","message":"Successfully updated the note","timestamp":"24-Nov-2021 12:09:03"}
{"level":"info","message":"Successfully updated the note","timestamp":"24-Nov-2021 12:09:03"}
{"level":"info","message":"Successfully returned all the notes. ","timestamp":"24-Nov-2021 12:09:05"}
{"level":"info","message":"Successfully returned all the notes. ","timestamp":"24-Nov-2021 12:11:32"}
{"level":"info","message":"Successfully returned all the notes. ","timestamp":"24-Nov-2021 12:11:35"}
{"level":"info","message":"Successfully returned all the notes. ","timestamp":"24-Nov-2021 12:11:40"}
{"level":"info","message":"Successfully updated the note","timestamp":"24-Nov-2021 12:14:02"}
{"level":"info","message":"Successfully updated the note","timestamp":"24-Nov-2021 12:14:04"}
{"level":"info","message":"Successfully updated the note","timestamp":"24-Nov-2021 12:14:05"}
{"level":"info","message":"Successfully returned all the notes. ","timestamp":"24-Nov-2021 12:14:08"}
{"level":"info","message":"Successfully updated the note","timestamp":"24-Nov-2021 12:14:15"}
{"level":"info","message":"Successfully updated the note","timestamp":"24-Nov-2021 12:14:15"}
{"level":"info","message":"Successfully returned all the notes. ","timestamp":"24-Nov-2021 12:14:25"}
{"level":"info","message":"Successfully updated the note","timestamp":"24-Nov-2021 12:14:42"}
{"level":"info","message":"Successfully updated the note","timestamp":"24-Nov-2021 12:15:04"}
{"level":"info","message":"Successfully updated the note","timestamp":"24-Nov-2021 12:15:04"}
{"level":"info","message":"Successfully returned all the notes. ","timestamp":"24-Nov-2021 12:15:26"}
{"level":"info","message":"Successfully updated the note","timestamp":"24-Nov-2021 12:15:34"}
{"level":"info","message":"Successfully returned all the notes. ","timestamp":"24-Nov-2021 12:15:37"}
{"level":"info","message":"Successfully updated the note","timestamp":"24-Nov-2021 12:15:40"}
{"level":"info","message":"Successfully updated the note","timestamp":"24-Nov-2021 12:15:40"}
{"level":"info","message":"Successfully updated the note","timestamp":"24-Nov-2021 12:15:40"}
{"level":"info","message":"Successfully updated the note","timestamp":"24-Nov-2021 12:15:40"}
{"level":"info","message":"Successfully updated the note","timestamp":"24-Nov-2021 12:15:41"}
{"level":"info","message":"Successfully updated the note","timestamp":"24-Nov-2021 12:15:41"}
{"level":"info","message":"Successfully returned all the notes. ","timestamp":"24-Nov-2021 12:16:15"}
{"level":"info","message":"Successfully returned all the notes. ","timestamp":"24-Nov-2021 12:17:36"}
{"level":"info","message":"Successfully returned all the notes. ","timestamp":"24-Nov-2021 12:27:12"}
{"level":"info","message":"Successfully updated the note","timestamp":"24-Nov-2021 12:27:18"}
{"level":"info","message":"Successfully updated the note","timestamp":"24-Nov-2021 12:27:20"}
{"level":"info","message":"Successfully updated the note","timestamp":"24-Nov-2021 12:27:21"}
{"level":"info","message":"Successfully returned all the notes. ","timestamp":"24-Nov-2021 12:27:24"}
{"level":"info","message":"Successfully updated the note","timestamp":"24-Nov-2021 12:27:32"}
{"level":"info","message":"Successfully updated the note","timestamp":"24-Nov-2021 12:27:32"}
{"level":"info","message":"Successfully updated the note","timestamp":"24-Nov-2021 12:27:32"}
{"level":"info","message":"Successfully updated the note","timestamp":"24-Nov-2021 12:27:32"}
{"level":"info","message":"Successfully returned all the notes. ","timestamp":"24-Nov-2021 12:27:40"}
{"level":"info","message":"Successfully returned all the notes. ","timestamp":"24-Nov-2021 12:27:51"}
{"level":"info","message":"Successfully updated the note","timestamp":"24-Nov-2021 12:32:21"}
{"level":"info","message":"Successfully updated the note","timestamp":"24-Nov-2021 12:32:23"}
{"level":"info","message":"Successfully returned all the notes. ","timestamp":"24-Nov-2021 12:32:25"}
{"level":"info","message":"Successfully updated the note","timestamp":"24-Nov-2021 12:32:28"}
{"level":"info","message":"Successfully updated the note","timestamp":"24-Nov-2021 12:32:28"}
{"level":"info","message":"Successfully updated the note","timestamp":"24-Nov-2021 12:32:29"}
{"level":"info","message":"Successfully updated the note","timestamp":"24-Nov-2021 12:32:29"}
{"level":"info","message":"Successfully updated the note","timestamp":"24-Nov-2021 12:32:30"}
{"level":"info","message":"Successfully updated the note","timestamp":"24-Nov-2021 12:32:30"}
{"level":"info","message":"Successfully updated the note","timestamp":"24-Nov-2021 12:33:16"}
{"level":"info","message":"Successfully updated the note","timestamp":"24-Nov-2021 12:33:16"}
{"level":"info","message":"Successfully returned all the notes. ","timestamp":"24-Nov-2021 12:42:33"}
{"level":"info","message":"Successfully updated the note","timestamp":"24-Nov-2021 12:42:37"}
{"level":"info","message":"Successfully updated the note","timestamp":"24-Nov-2021 12:42:37"}
{"level":"info","message":"Successfully updated the note","timestamp":"24-Nov-2021 12:42:37"}
{"level":"info","message":"Successfully updated the note","timestamp":"24-Nov-2021 12:42:37"}
{"level":"info","message":"Successfully returned all the notes. ","timestamp":"24-Nov-2021 12:42:40"}
{"level":"info","message":"Successfully updated the note","timestamp":"24-Nov-2021 12:42:47"}
{"level":"info","message":"Successfully updated the note","timestamp":"24-Nov-2021 12:42:48"}
{"level":"info","message":"Successfully updated the note","timestamp":"24-Nov-2021 12:42:50"}
{"level":"info","message":"Successfully updated the note","timestamp":"24-Nov-2021 12:42:51"}
{"level":"info","message":"Successfully returned all the notes. ","timestamp":"24-Nov-2021 12:42:54"}
{"level":"info","message":"Successfully updated the note","timestamp":"24-Nov-2021 12:42:56"}
{"level":"info","message":"Successfully updated the note","timestamp":"24-Nov-2021 12:42:56"}
{"level":"info","message":"Successfully updated the note","timestamp":"24-Nov-2021 12:42:57"}
{"level":"info","message":"Successfully updated the note","timestamp":"24-Nov-2021 12:42:57"}
{"level":"info","message":"Successfully updated the note","timestamp":"24-Nov-2021 12:42:57"}
{"level":"info","message":"Successfully updated the note","timestamp":"24-Nov-2021 12:42:57"}
{"level":"info","message":"Successfully updated the note","timestamp":"24-Nov-2021 12:42:57"}
{"level":"info","message":"Successfully updated the note","timestamp":"24-Nov-2021 12:42:57"}
{"level":"info","message":"Successfully updated the note","timestamp":"24-Nov-2021 12:42:57"}
{"level":"info","message":"Successfully updated the note","timestamp":"24-Nov-2021 12:42:57"}
{"level":"info","message":"Successfully updated the note","timestamp":"24-Nov-2021 12:42:57"}
{"level":"info","message":"Successfully updated the note","timestamp":"24-Nov-2021 12:42:57"}
{"level":"info","message":"Successfully updated the note","timestamp":"24-Nov-2021 12:42:57"}
{"level":"info","message":"Successfully updated the note","timestamp":"24-Nov-2021 12:42:57"}
{"level":"info","message":"Successfully updated the note","timestamp":"24-Nov-2021 12:42:57"}
{"level":"info","message":"Successfully updated the note","timestamp":"24-Nov-2021 12:42:57"}
{"level":"info","message":"Successfully updated the note","timestamp":"24-Nov-2021 12:42:57"}
{"level":"info","message":"Successfully updated the note","timestamp":"24-Nov-2021 12:42:57"}
{"level":"info","message":"Successfully updated the note","timestamp":"24-Nov-2021 12:42:57"}
{"level":"info","message":"Successfully updated the note","timestamp":"24-Nov-2021 12:42:57"}
{"level":"info","message":"Successfully updated the note","timestamp":"24-Nov-2021 12:42:57"}
{"level":"info","message":"Successfully updated the note","timestamp":"24-Nov-2021 12:42:57"}
{"level":"info","message":"Successfully updated the note","timestamp":"24-Nov-2021 12:42:57"}
{"level":"info","message":"Successfully updated the note","timestamp":"24-Nov-2021 12:42:57"}
{"level":"info","message":"Successfully updated the note","timestamp":"24-Nov-2021 12:42:57"}
{"level":"info","message":"Successfully updated the note","timestamp":"24-Nov-2021 12:42:57"}
{"level":"info","message":"Successfully updated the note","timestamp":"24-Nov-2021 12:42:57"}
{"level":"info","message":"Successfully updated the note","timestamp":"24-Nov-2021 12:42:57"}
{"level":"info","message":"Successfully updated the note","timestamp":"24-Nov-2021 12:42:57"}
{"level":"info","message":"Successfully updated the note","timestamp":"24-Nov-2021 12:42:57"}
{"level":"info","message":"Successfully updated the note","timestamp":"24-Nov-2021 12:43:19"}
{"level":"info","message":"Successfully updated the note","timestamp":"24-Nov-2021 12:43:23"}
{"level":"info","message":"Successfully returned all the notes. ","timestamp":"24-Nov-2021 12:43:27"}
{"level":"info","message":"Successfully updated the note","timestamp":"24-Nov-2021 12:43:30"}
{"level":"info","message":"Successfully updated the note","timestamp":"24-Nov-2021 12:43:32"}
{"level":"info","message":"Successfully updated the note","timestamp":"24-Nov-2021 12:43:33"}
{"level":"info","message":"Successfully returned all the notes. ","timestamp":"24-Nov-2021 12:43:36"}
{"level":"info","message":"Successfully updated the note","timestamp":"24-Nov-2021 12:43:39"}
{"level":"info","message":"Successfully updated the note","timestamp":"24-Nov-2021 12:43:39"}
{"level":"info","message":"Successfully updated the note","timestamp":"24-Nov-2021 12:43:39"}
{"level":"info","message":"Successfully updated the note","timestamp":"24-Nov-2021 12:43:39"}
{"level":"info","message":"Successfully returned all the notes. ","timestamp":"24-Nov-2021 12:43:42"}
{"level":"info","message":"Successfully updated the note","timestamp":"24-Nov-2021 12:43:50"}
{"level":"info","message":"Successfully updated the note","timestamp":"24-Nov-2021 12:43:50"}
{"level":"info","message":"Successfully returned all the notes. ","timestamp":"24-Nov-2021 13:12:48"}
{"level":"info","message":"Successfully updated the note","timestamp":"24-Nov-2021 13:14:03"}
{"level":"info","message":"Successfully updated the note","timestamp":"24-Nov-2021 13:14:03"}
{"level":"info","message":"Successfully returned all the notes. ","timestamp":"24-Nov-2021 13:14:31"}
{"level":"info","message":"Successfully updated the note","timestamp":"24-Nov-2021 13:14:45"}
{"level":"info","message":"Successfully returned all the notes. ","timestamp":"24-Nov-2021 13:14:52"}
{"level":"info","message":"Successfully updated the note","timestamp":"24-Nov-2021 13:15:07"}
{"level":"info","message":"Successfully updated the note","timestamp":"24-Nov-2021 13:15:07"}
{"level":"info","message":"Successfully updated the note","timestamp":"24-Nov-2021 13:16:02"}
{"level":"info","message":"Successfully updated the note","timestamp":"24-Nov-2021 13:16:02"}
{"level":"info","message":"Successfully returned all the notes. ","timestamp":"24-Nov-2021 13:16:06"}
{"level":"info","message":"Successfully updated the note","timestamp":"24-Nov-2021 13:25:41"}
{"level":"info","message":"Successfully updated the note","timestamp":"24-Nov-2021 13:25:58"}
{"level":"info","message":"Successfully updated the note","timestamp":"24-Nov-2021 13:25:59"}
{"level":"info","message":"Successfully returned all the notes. ","timestamp":"24-Nov-2021 13:26:04"}
{"level":"info","message":"Successfully updated the note","timestamp":"24-Nov-2021 13:26:18"}
{"level":"info","message":"Successfully updated the note","timestamp":"24-Nov-2021 13:26:18"}
{"level":"info","message":"Successfully returned all the notes. ","timestamp":"24-Nov-2021 13:26:55"}
{"level":"info","message":"Successfully updated the note","timestamp":"24-Nov-2021 13:27:45"}
{"level":"info","message":"Successfully returned all the notes. ","timestamp":"24-Nov-2021 13:27:47"}
{"level":"info","message":"Successfully updated the note","timestamp":"24-Nov-2021 13:27:51"}
{"level":"info","message":"Successfully updated the note","timestamp":"24-Nov-2021 13:27:51"}
{"level":"info","message":"Successfully returned all the notes. ","timestamp":"24-Nov-2021 13:35:51"}
{"level":"error","message":"Note content can not be empty (handled by middleware)","timestamp":"24-Nov-2021 13:35:59"}
{"level":"info","message":"Successfully updated the note","timestamp":"24-Nov-2021 13:38:03"}
{"level":"info","message":"Successfully updated the note","timestamp":"24-Nov-2021 13:38:03"}
{"level":"info","message":"Successfully returned all the notes. ","timestamp":"24-Nov-2021 13:38:07"}
{"level":"info","message":"Successfully updated the note","timestamp":"24-Nov-2021 13:38:11"}
{"level":"info","message":"Successfully updated the note","timestamp":"24-Nov-2021 13:38:11"}
{"level":"info","message":"Successfully updated the note","timestamp":"24-Nov-2021 13:38:35"}
{"level":"info","message":"Successfully updated the note","timestamp":"24-Nov-2021 13:38:35"}
{"level":"info","message":"Successfully returned all the notes. ","timestamp":"24-Nov-2021 13:38:46"}
{"level":"info","message":"Successfully returned all the notes. ","timestamp":"24-Nov-2021 13:39:43"}
{"level":"info","message":"Successfully updated the note","timestamp":"24-Nov-2021 13:40:29"}
{"level":"info","message":"Successfully updated the note","timestamp":"24-Nov-2021 13:40:46"}
{"level":"info","message":"Successfully updated the note","timestamp":"24-Nov-2021 13:40:48"}
{"level":"info","message":"Successfully updated the note","timestamp":"24-Nov-2021 13:40:49"}
{"level":"info","message":"Successfully returned all the notes. ","timestamp":"24-Nov-2021 13:40:52"}
{"level":"info","message":"Successfully returned all the notes. ","timestamp":"24-Nov-2021 13:41:02"}
{"level":"info","message":"Successfully returned all the notes. ","timestamp":"24-Nov-2021 14:07:13"}
{"level":"info","message":"Successfully updated the note","timestamp":"24-Nov-2021 14:07:15"}
{"level":"info","message":"Successfully updated the note","timestamp":"24-Nov-2021 14:07:15"}
{"level":"info","message":"Successfully updated the note","timestamp":"24-Nov-2021 14:07:15"}
{"level":"info","message":"Successfully updated the note","timestamp":"24-Nov-2021 14:07:15"}
{"level":"info","message":"Successfully updated the note","timestamp":"24-Nov-2021 14:07:16"}
{"level":"info","message":"Successfully updated the note","timestamp":"24-Nov-2021 14:07:16"}
{"level":"info","message":"Successfully returned all the notes. ","timestamp":"24-Nov-2021 14:07:20"}
{"level":"info","message":"Successfully updated the note","timestamp":"24-Nov-2021 14:07:27"}
{"level":"info","message":"Successfully updated the note","timestamp":"24-Nov-2021 14:07:27"}
{"level":"info","message":"Successfully updated the note","timestamp":"24-Nov-2021 14:07:27"}
{"level":"info","message":"Successfully updated the note","timestamp":"24-Nov-2021 14:07:27"}
{"level":"info","message":"Successfully updated the note","timestamp":"24-Nov-2021 14:07:28"}
{"level":"info","message":"Successfully updated the note","timestamp":"24-Nov-2021 14:07:28"}
{"level":"info","message":"Successfully returned all the notes. ","timestamp":"24-Nov-2021 14:09:14"}
{"level":"info","message":"Successfully updated the note","timestamp":"24-Nov-2021 14:09:41"}
{"level":"info","message":"Successfully updated the note","timestamp":"24-Nov-2021 14:09:42"}
{"level":"info","message":"Successfully updated the note","timestamp":"24-Nov-2021 14:09:43"}
{"level":"info","message":"Successfully updated the note","timestamp":"24-Nov-2021 14:09:45"}
{"level":"info","message":"Successfully returned all the notes. ","timestamp":"24-Nov-2021 14:09:48"}
{"level":"info","message":"Successfully updated the note","timestamp":"24-Nov-2021 14:10:13"}
{"level":"info","message":"Successfully returned all the notes. ","timestamp":"24-Nov-2021 14:11:23"}
{"level":"info","message":"Successfully updated the note","timestamp":"24-Nov-2021 14:12:35"}
{"level":"info","message":"Successfully returned all the notes. ","timestamp":"24-Nov-2021 14:12:38"}
{"level":"info","message":"Successfully updated the note","timestamp":"24-Nov-2021 14:12:43"}
{"level":"info","message":"Successfully returned all the notes. ","timestamp":"24-Nov-2021 14:12:53"}
{"level":"info","message":"Successfully returned all the notes. ","timestamp":"24-Nov-2021 14:21:27"}
{"level":"info","message":"Successfully updated the note","timestamp":"24-Nov-2021 14:21:36"}
{"level":"info","message":"Successfully returned all the notes. ","timestamp":"24-Nov-2021 14:21:39"}
{"level":"info","message":"Successfully updated the note","timestamp":"24-Nov-2021 14:21:45"}
{"level":"info","message":"Successfully returned all the notes. ","timestamp":"24-Nov-2021 14:21:58"}
{"level":"info","message":"Successfully updated the note","timestamp":"24-Nov-2021 14:22:05"}
{"level":"info","message":"Successfully returned all the notes. ","timestamp":"24-Nov-2021 14:22:13"}
{"level":"info","message":"Successfully returned all the notes. ","timestamp":"24-Nov-2021 14:27:37"}
{"level":"info","message":"Successfully deleted the note","timestamp":"24-Nov-2021 14:27:41"}
{"level":"info","message":"Successfully returned all the notes. ","timestamp":"24-Nov-2021 14:27:44"}
{"level":"info","message":"Successfully returned all the notes. ","timestamp":"24-Nov-2021 14:34:51"}
{"level":"info","message":"Successfully returned all the notes. ","timestamp":"24-Nov-2021 14:34:53"}
{"level":"info","message":"Successfully deleted the note","timestamp":"24-Nov-2021 14:34:57"}
{"level":"info","message":"Successfully returned all the notes. ","timestamp":"24-Nov-2021 14:35:00"}
{"level":"info","message":"Successfully returned all the notes. ","timestamp":"24-Nov-2021 14:35:12"}
{"level":"info","message":"Successfully returned all the notes. ","timestamp":"24-Nov-2021 14:35:17"}
{"level":"info","message":"Successfully updated the note","timestamp":"24-Nov-2021 14:35:48"}
{"level":"info","message":"Successfully updated the note","timestamp":"24-Nov-2021 14:35:49"}
{"level":"info","message":"Successfully updated the note","timestamp":"24-Nov-2021 14:35:53"}
{"level":"info","message":"Successfully returned all the notes. ","timestamp":"24-Nov-2021 14:36:14"}
{"level":"info","message":"Successfully returned all the notes. ","timestamp":"24-Nov-2021 14:41:21"}
{"level":"info","message":"Successfully updated the note","timestamp":"24-Nov-2021 14:41:26"}
{"level":"info","message":"Successfully deleted the note","timestamp":"24-Nov-2021 14:41:29"}
{"level":"info","message":"Successfully returned all the notes. ","timestamp":"24-Nov-2021 14:41:32"}
{"level":"info","message":"Successfully deleted the note","timestamp":"24-Nov-2021 14:41:38"}
{"level":"info","message":"Successfully returned all the notes. ","timestamp":"24-Nov-2021 14:41:42"}
{"level":"info","message":"Successfully updated the note","timestamp":"24-Nov-2021 14:42:40"}
{"level":"info","message":"Successfully deleted the note","timestamp":"24-Nov-2021 14:42:45"}
{"level":"error","message":"Note not found","timestamp":"24-Nov-2021 14:42:48"}
{"level":"info","message":"Successfully returned all the notes. ","timestamp":"24-Nov-2021 14:42:54"}
{"level":"info","message":"Successfully updated the note","timestamp":"24-Nov-2021 14:43:03"}
{"level":"info","message":"Successfully returned all the notes. ","timestamp":"24-Nov-2021 14:43:05"}
{"level":"info","message":"Successfully updated the note","timestamp":"24-Nov-2021 14:43:11"}
{"level":"info","message":"Successfully returned all the notes. ","timestamp":"24-Nov-2021 14:43:16"}
{"level":"info","message":"Successfully updated the note","timestamp":"24-Nov-2021 14:43:17"}
{"level":"info","message":"Successfully deleted the note","timestamp":"24-Nov-2021 14:43:22"}
{"level":"info","message":"Successfully returned all the notes. ","timestamp":"24-Nov-2021 14:43:25"}
{"level":"info","message":"Successfully updated the note","timestamp":"24-Nov-2021 14:44:17"}
{"level":"info","message":"Successfully returned all the notes. ","timestamp":"24-Nov-2021 14:44:20"}
{"level":"info","message":"Successfully deleted the note","timestamp":"24-Nov-2021 14:44:24"}
{"level":"info","message":"Successfully returned all the notes. ","timestamp":"24-Nov-2021 14:44:32"}
{"level":"info","message":"Successfully created the note","timestamp":"24-Nov-2021 14:53:28"}
{"level":"info","message":"Successfully created the note","timestamp":"24-Nov-2021 14:53:43"}
{"level":"info","message":"Successfully created the note","timestamp":"24-Nov-2021 14:53:54"}
{"level":"info","message":"Successfully created the note","timestamp":"24-Nov-2021 14:54:06"}
{"level":"info","message":"Successfully created the note","timestamp":"24-Nov-2021 14:54:20"}
{"level":"info","message":"Successfully created the note","timestamp":"24-Nov-2021 14:54:33"}
{"level":"info","message":"Successfully returned all the notes. ","timestamp":"24-Nov-2021 14:55:02"}
{"level":"info","message":"Successfully updated the note","timestamp":"24-Nov-2021 14:55:24"}
{"level":"info","message":"Successfully updated the note","timestamp":"24-Nov-2021 14:55:28"}
{"level":"info","message":"Successfully updated the note","timestamp":"24-Nov-2021 14:55:32"}
{"level":"info","message":"Successfully deleted the note","timestamp":"24-Nov-2021 14:55:35"}
{"level":"info","message":"Successfully updated the note","timestamp":"24-Nov-2021 14:55:40"}
{"level":"info","message":"Successfully updated the note","timestamp":"24-Nov-2021 14:55:43"}
{"level":"info","message":"Successfully updated the note","timestamp":"24-Nov-2021 14:57:43"}
{"level":"error","message":"Note a valid title name","timestamp":"24-Nov-2021 14:57:53"}
{"level":"error","message":"Note a valid title name","timestamp":"24-Nov-2021 14:57:59"}
{"level":"info","message":"Successfully updated the note","timestamp":"24-Nov-2021 14:58:05"}
{"level":"info","message":"Successfully updated the note","timestamp":"24-Nov-2021 14:58:11"}
{"level":"info","message":"Successfully updated the note","timestamp":"24-Nov-2021 14:58:15"}
{"level":"info","message":"Successfully found the user ","timestamp":"24-Nov-2021 15:29:20"}
{"level":"info","message":"Successfully returned all the notes. ","timestamp":"24-Nov-2021 15:29:22"}
{"level":"info","message":"Successfully updated the note","timestamp":"24-Nov-2021 15:29:28"}
{"level":"info","message":"Successfully updated the note","timestamp":"24-Nov-2021 15:29:34"}
{"level":"info","message":"Successfully updated the note","timestamp":"24-Nov-2021 15:35:07"}
{"level":"info","message":"Successfully updated the note","timestamp":"24-Nov-2021 15:35:10"}
{"level":"info","message":"Successfully updated the note","timestamp":"24-Nov-2021 15:35:17"}
{"level":"info","message":"Successfully updated the note","timestamp":"24-Nov-2021 15:35:20"}
{"level":"info","message":"Successfully updated the note","timestamp":"24-Nov-2021 18:45:08"}
{"level":"info","message":"Successfully updated the note","timestamp":"24-Nov-2021 18:45:12"}
{"level":"info","message":"Successfully updated the note","timestamp":"24-Nov-2021 18:45:24"}
{"level":"info","message":"Successfully deleted the note","timestamp":"24-Nov-2021 18:45:28"}
{"level":"info","message":"Successfully returned all the notes. ","timestamp":"24-Nov-2021 18:45:39"}
{"level":"info","message":"Successfully updated the note","timestamp":"24-Nov-2021 18:45:49"}
{"level":"info","message":"Successfully updated the note","timestamp":"24-Nov-2021 18:46:00"}
{"level":"info","message":"Successfully updated the note","timestamp":"24-Nov-2021 18:46:16"}
{"level":"info","message":"Successfully updated the note","timestamp":"24-Nov-2021 18:46:22"}
{"level":"error","message":"Note a valid title name","timestamp":"24-Nov-2021 18:46:29"}
{"level":"info","message":"Successfully updated the note","timestamp":"24-Nov-2021 18:46:35"}
{"level":"error","message":"Note a valid title name","timestamp":"24-Nov-2021 18:47:23"}
{"level":"info","message":"Successfully updated the note","timestamp":"24-Nov-2021 18:47:30"}
{"level":"info","message":"Successfully updated the note","timestamp":"24-Nov-2021 18:47:37"}
{"level":"info","message":"Successfully updated the note","timestamp":"24-Nov-2021 18:48:02"}
{"level":"info","message":"Successfully created the note","timestamp":"24-Nov-2021 18:48:23"}
{"level":"info","message":"Successfully returned all the notes. ","timestamp":"24-Nov-2021 18:48:30"}
{"level":"error","message":"Note a valid title name","timestamp":"24-Nov-2021 18:48:35"}
{"level":"info","message":"Successfully updated the note","timestamp":"24-Nov-2021 18:48:43"}
{"level":"error","message":"Note a valid title name","timestamp":"24-Nov-2021 18:48:49"}
{"level":"info","message":"Successfully updated the note","timestamp":"24-Nov-2021 18:48:58"}
{"level":"info","message":"Successfully updated the note","timestamp":"24-Nov-2021 18:49:04"}
{"level":"error","message":"Note a valid title name","timestamp":"24-Nov-2021 18:49:19"}
{"level":"info","message":"Successfully updated the note","timestamp":"24-Nov-2021 18:50:36"}
{"level":"info","message":"Successfully updated the note","timestamp":"24-Nov-2021 18:50:52"}
{"level":"info","message":"Successfully returned all the notes. ","timestamp":"24-Nov-2021 18:51:02"}
{"level":"info","message":"Successfully updated the note","timestamp":"24-Nov-2021 18:51:15"}
{"level":"info","message":"Successfully updated the note","timestamp":"24-Nov-2021 18:51:32"}
{"level":"info","message":"Successfully updated the note","timestamp":"24-Nov-2021 18:51:43"}
{"level":"info","message":"Successfully updated the note","timestamp":"24-Nov-2021 18:51:54"}
{"level":"info","message":"Successfully updated the note","timestamp":"24-Nov-2021 18:52:01"}
{"level":"info","message":"Successfully updated the note","timestamp":"24-Nov-2021 18:52:12"}
{"level":"info","message":"Successfully updated the note","timestamp":"24-Nov-2021 18:52:18"}
{"level":"info","message":"Successfully updated the note","timestamp":"24-Nov-2021 18:52:25"}
{"level":"info","message":"Successfully updated the note","timestamp":"24-Nov-2021 18:52:33"}
{"level":"info","message":"Successfully updated the note","timestamp":"24-Nov-2021 18:52:39"}
{"level":"info","message":"Successfully updated the note","timestamp":"24-Nov-2021 18:52:54"}
{"level":"info","message":"Successfully updated the note","timestamp":"24-Nov-2021 19:11:45"}
{"level":"info","message":"Successfully updated the note","timestamp":"24-Nov-2021 19:11:47"}
{"level":"info","message":"Successfully updated the note","timestamp":"24-Nov-2021 19:12:00"}
{"level":"info","message":"Successfully updated the note","timestamp":"24-Nov-2021 19:12:02"}
{"level":"info","message":"Successfully updated the note","timestamp":"24-Nov-2021 19:13:18"}
{"level":"info","message":"Successfully updated the note","timestamp":"24-Nov-2021 19:13:20"}
{"level":"info","message":"Successfully updated the note","timestamp":"24-Nov-2021 19:13:28"}
{"level":"info","message":"Successfully updated the note","timestamp":"24-Nov-2021 19:13:29"}
{"level":"info","message":"Successfully returned all the notes. ","timestamp":"24-Nov-2021 19:13:36"}
{"level":"info","message":"Successfully returned all the notes. ","timestamp":"24-Nov-2021 19:38:52"}
{"level":"info","message":"Successfully updated the note","timestamp":"24-Nov-2021 19:38:55"}
{"level":"info","message":"Successfully updated the note","timestamp":"24-Nov-2021 19:39:03"}
{"level":"info","message":"Successfully updated the note","timestamp":"24-Nov-2021 19:39:08"}
{"level":"info","message":"Successfully updated the note","timestamp":"24-Nov-2021 19:39:12"}
{"level":"info","message":"Successfully updated the note","timestamp":"24-Nov-2021 19:39:17"}
{"level":"info","message":"Successfully updated the note","timestamp":"24-Nov-2021 19:39:22"}
{"level":"info","message":"Successfully updated the note","timestamp":"24-Nov-2021 19:39:28"}
{"level":"info","message":"Successfully updated the note","timestamp":"24-Nov-2021 19:39:32"}
{"level":"info","message":"Successfully updated the note","timestamp":"24-Nov-2021 19:39:38"}
{"level":"info","message":"Successfully updated the note","timestamp":"24-Nov-2021 19:39:46"}
{"level":"info","message":"Successfully updated the note","timestamp":"24-Nov-2021 19:39:51"}
{"level":"info","message":"Successfully updated the note","timestamp":"24-Nov-2021 19:39:55"}
{"level":"info","message":"Successfully updated the note","timestamp":"24-Nov-2021 19:41:38"}
{"level":"info","message":"Successfully updated the note","timestamp":"24-Nov-2021 19:41:50"}
{"level":"info","message":"Successfully updated the note","timestamp":"24-Nov-2021 19:41:57"}
{"level":"info","message":"Successfully updated the note","timestamp":"24-Nov-2021 19:42:04"}
{"level":"info","message":"Successfully updated the note","timestamp":"24-Nov-2021 19:42:09"}
{"level":"info","message":"Successfully updated the note","timestamp":"24-Nov-2021 19:42:16"}
{"level":"info","message":"Successfully updated the note","timestamp":"24-Nov-2021 19:42:24"}
{"level":"info","message":"Successfully updated the note","timestamp":"24-Nov-2021 19:42:29"}
{"level":"info","message":"Successfully updated the note","timestamp":"24-Nov-2021 19:44:08"}
{"level":"info","message":"Successfully updated the note","timestamp":"24-Nov-2021 19:44:13"}
{"level":"info","message":"Successfully updated the note","timestamp":"24-Nov-2021 19:44:17"}
{"level":"info","message":"Successfully updated the note","timestamp":"24-Nov-2021 19:44:24"}
{"level":"info","message":"Successfully updated the note","timestamp":"24-Nov-2021 19:44:29"}
{"level":"info","message":"Successfully updated the note","timestamp":"24-Nov-2021 19:44:36"}
{"level":"info","message":"Successfully updated the note","timestamp":"24-Nov-2021 19:45:03"}
{"level":"info","message":"Successfully updated the note","timestamp":"24-Nov-2021 19:45:09"}
{"level":"info","message":"Successfully updated the note","timestamp":"24-Nov-2021 19:45:21"}
{"level":"info","message":"Successfully updated the note","timestamp":"24-Nov-2021 19:45:28"}
{"level":"info","message":"Successfully updated the note","timestamp":"24-Nov-2021 19:45:29"}
{"level":"info","message":"Successfully updated the note","timestamp":"24-Nov-2021 19:45:29"}
{"level":"info","message":"Successfully returned all the notes. ","timestamp":"24-Nov-2021 19:45:35"}
{"level":"info","message":"Successfully updated the note","timestamp":"24-Nov-2021 19:45:37"}
{"level":"info","message":"Successfully updated the note","timestamp":"24-Nov-2021 19:45:43"}
{"level":"info","message":"Successfully updated the note","timestamp":"24-Nov-2021 19:46:12"}
{"level":"info","message":"Successfully updated the note","timestamp":"24-Nov-2021 19:46:18"}
{"level":"info","message":"Successfully updated the note","timestamp":"24-Nov-2021 19:51:31"}
{"level":"info","message":"Successfully updated the note","timestamp":"24-Nov-2021 19:51:45"}
{"level":"info","message":"Successfully updated the note","timestamp":"24-Nov-2021 19:51:57"}
{"level":"info","message":"Successfully updated the note","timestamp":"24-Nov-2021 19:51:58"}
{"level":"info","message":"Successfully updated the note","timestamp":"24-Nov-2021 19:56:21"}
{"level":"info","message":"Successfully updated the note","timestamp":"24-Nov-2021 19:56:27"}
{"level":"info","message":"Successfully updated the note","timestamp":"24-Nov-2021 19:56:35"}
{"level":"info","message":"Successfully updated the note","timestamp":"24-Nov-2021 19:56:45"}
{"level":"info","message":"Successfully updated the note","timestamp":"24-Nov-2021 19:56:50"}
{"level":"info","message":"Successfully updated the note","timestamp":"24-Nov-2021 19:56:53"}
{"level":"info","message":"Successfully updated the note","timestamp":"24-Nov-2021 19:56:57"}
{"level":"info","message":"Successfully updated the note","timestamp":"24-Nov-2021 19:56:58"}
{"level":"info","message":"Successfully updated the note","timestamp":"24-Nov-2021 19:56:59"}
{"level":"info","message":"Successfully updated the note","timestamp":"24-Nov-2021 19:56:59"}
{"level":"info","message":"Successfully updated the note","timestamp":"24-Nov-2021 19:56:59"}
{"level":"info","message":"Successfully updated the note","timestamp":"24-Nov-2021 19:57:00"}
{"level":"info","message":"Successfully returned all the notes. ","timestamp":"24-Nov-2021 19:57:04"}
{"level":"info","message":"Successfully returned all the notes. ","timestamp":"24-Nov-2021 20:19:17"}
{"level":"info","message":"Successfully returned all the notes. ","timestamp":"24-Nov-2021 20:19:55"}
{"level":"info","message":"Successfully updated the note","timestamp":"24-Nov-2021 20:19:58"}
{"level":"info","message":"Successfully updated the note","timestamp":"24-Nov-2021 20:20:05"}
{"level":"info","message":"Successfully returned all the notes. ","timestamp":"24-Nov-2021 21:44:58"}
{"level":"info","message":"Successfully updated the note","timestamp":"24-Nov-2021 21:57:00"}
{"level":"info","message":"Successfully updated the note","timestamp":"24-Nov-2021 21:57:09"}
{"level":"info","message":"Successfully updated the note","timestamp":"24-Nov-2021 21:57:46"}
{"level":"info","message":"Successfully updated the note","timestamp":"24-Nov-2021 21:57:56"}
{"level":"info","message":"Successfully updated the note","timestamp":"24-Nov-2021 21:59:05"}
{"level":"info","message":"Successfully updated the note","timestamp":"24-Nov-2021 21:59:11"}
{"level":"info","message":"Successfully updated the note","timestamp":"24-Nov-2021 21:59:51"}
{"level":"info","message":"Successfully updated the note","timestamp":"24-Nov-2021 21:59:58"}
{"level":"info","message":"Successfully updated the note","timestamp":"24-Nov-2021 22:18:02"}
{"level":"info","message":"Successfully updated the note","timestamp":"24-Nov-2021 22:18:15"}
{"level":"info","message":"Successfully updated the note","timestamp":"24-Nov-2021 22:18:33"}
{"level":"info","message":"Successfully updated the note","timestamp":"24-Nov-2021 22:18:45"}
{"level":"error","message":"Note content can not be empty (handled by middleware)","timestamp":"24-Nov-2021 22:23:46"}
{"level":"error","message":"Note content can not be empty (handled by middleware)","timestamp":"24-Nov-2021 22:23:46"}
{"level":"error","message":"Note content can not be empty (handled by middleware)","timestamp":"24-Nov-2021 22:23:46"}
{"level":"error","message":"Note content can not be empty (handled by middleware)","timestamp":"24-Nov-2021 22:23:46"}
{"level":"error","message":"Note content can not be empty (handled by middleware)","timestamp":"24-Nov-2021 22:23:46"}
{"level":"error","message":"Note content can not be empty (handled by middleware)","timestamp":"24-Nov-2021 22:23:46"}
{"level":"error","message":"Note content can not be empty (handled by middleware)","timestamp":"24-Nov-2021 22:23:47"}
{"level":"error","message":"Note content can not be empty (handled by middleware)","timestamp":"24-Nov-2021 22:23:47"}
{"level":"error","message":"Note content can not be empty (handled by middleware)","timestamp":"24-Nov-2021 22:23:47"}
{"level":"error","message":"Note content can not be empty (handled by middleware)","timestamp":"24-Nov-2021 22:23:47"}
{"level":"error","message":"Note content can not be empty (handled by middleware)","timestamp":"24-Nov-2021 22:23:47"}
{"level":"error","message":"Note content can not be empty (handled by middleware)","timestamp":"24-Nov-2021 22:23:47"}
{"level":"error","message":"Note content can not be empty (handled by middleware)","timestamp":"24-Nov-2021 22:23:47"}
{"level":"error","message":"Note content can not be empty (handled by middleware)","timestamp":"24-Nov-2021 22:23:47"}
{"level":"error","message":"Note content can not be empty (handled by middleware)","timestamp":"24-Nov-2021 22:23:47"}
{"level":"error","message":"Note content can not be empty (handled by middleware)","timestamp":"24-Nov-2021 22:23:47"}
{"level":"error","message":"Note content can not be empty (handled by middleware)","timestamp":"24-Nov-2021 22:23:47"}
{"level":"error","message":"Note content can not be empty (handled by middleware)","timestamp":"24-Nov-2021 22:23:47"}
{"level":"error","message":"Note content can not be empty (handled by middleware)","timestamp":"24-Nov-2021 22:23:47"}
{"level":"error","message":"Note content can not be empty (handled by middleware)","timestamp":"24-Nov-2021 22:23:47"}
{"level":"error","message":"Note content can not be empty (handled by middleware)","timestamp":"24-Nov-2021 22:23:47"}
{"level":"error","message":"Note content can not be empty (handled by middleware)","timestamp":"24-Nov-2021 22:23:47"}
{"level":"error","message":"Note content can not be empty (handled by middleware)","timestamp":"24-Nov-2021 22:23:47"}
{"level":"error","message":"Note content can not be empty (handled by middleware)","timestamp":"24-Nov-2021 22:23:47"}
{"level":"error","message":"Note content can not be empty (handled by middleware)","timestamp":"24-Nov-2021 22:23:47"}
{"level":"error","message":"Note content can not be empty (handled by middleware)","timestamp":"24-Nov-2021 22:23:47"}
{"level":"error","message":"Note content can not be empty (handled by middleware)","timestamp":"24-Nov-2021 22:23:47"}
{"level":"error","message":"Note content can not be empty (handled by middleware)","timestamp":"24-Nov-2021 22:23:47"}
{"level":"error","message":"Note content can not be empty (handled by middleware)","timestamp":"24-Nov-2021 22:23:47"}
{"level":"error","message":"Note content can not be empty (handled by middleware)","timestamp":"24-Nov-2021 22:23:47"}
{"level":"error","message":"Note content can not be empty (handled by middleware)","timestamp":"24-Nov-2021 22:23:47"}
{"level":"error","message":"Note content can not be empty (handled by middleware)","timestamp":"24-Nov-2021 22:23:47"}
{"level":"error","message":"Note content can not be empty (handled by middleware)","timestamp":"24-Nov-2021 22:23:47"}
{"level":"error","message":"Note content can not be empty (handled by middleware)","timestamp":"24-Nov-2021 22:23:47"}
{"level":"error","message":"Note content can not be empty (handled by middleware)","timestamp":"24-Nov-2021 22:23:47"}
{"level":"error","message":"Note content can not be empty (handled by middleware)","timestamp":"24-Nov-2021 22:23:47"}
{"level":"error","message":"Note content can not be empty (handled by middleware)","timestamp":"24-Nov-2021 22:23:47"}
{"level":"error","message":"Note content can not be empty (handled by middleware)","timestamp":"24-Nov-2021 22:23:47"}
{"level":"error","message":"Note content can not be empty (handled by middleware)","timestamp":"24-Nov-2021 22:23:47"}
{"level":"error","message":"Note content can not be empty (handled by middleware)","timestamp":"24-Nov-2021 22:23:47"}
{"level":"error","message":"Note content can not be empty (handled by middleware)","timestamp":"24-Nov-2021 22:23:47"}
{"level":"error","message":"Note content can not be empty (handled by middleware)","timestamp":"24-Nov-2021 22:23:47"}
{"level":"error","message":"Note content can not be empty (handled by middleware)","timestamp":"24-Nov-2021 22:23:47"}
{"level":"error","message":"Note content can not be empty (handled by middleware)","timestamp":"24-Nov-2021 22:23:47"}
{"level":"error","message":"Note content can not be empty (handled by middleware)","timestamp":"24-Nov-2021 22:23:47"}
{"level":"error","message":"Note content can not be empty (handled by middleware)","timestamp":"24-Nov-2021 22:23:47"}
{"level":"error","message":"Note content can not be empty (handled by middleware)","timestamp":"24-Nov-2021 22:23:47"}
{"level":"error","message":"Note content can not be empty (handled by middleware)","timestamp":"24-Nov-2021 22:23:47"}
{"level":"error","message":"Note content can not be empty (handled by middleware)","timestamp":"24-Nov-2021 22:23:47"}
{"level":"error","message":"Note content can not be empty (handled by middleware)","timestamp":"24-Nov-2021 22:23:47"}
{"level":"error","message":"Note content can not be empty (handled by middleware)","timestamp":"24-Nov-2021 22:23:47"}
{"level":"error","message":"Note content can not be empty (handled by middleware)","timestamp":"24-Nov-2021 22:23:47"}
{"level":"error","message":"Note content can not be empty (handled by middleware)","timestamp":"24-Nov-2021 22:23:57"}
{"level":"error","message":"Note content can not be empty (handled by middleware)","timestamp":"24-Nov-2021 22:23:57"}
{"level":"error","message":"Note content can not be empty (handled by middleware)","timestamp":"24-Nov-2021 22:23:57"}
{"level":"error","message":"Note content can not be empty (handled by middleware)","timestamp":"24-Nov-2021 22:23:57"}
{"level":"error","message":"Note content can not be empty (handled by middleware)","timestamp":"24-Nov-2021 22:23:57"}
{"level":"error","message":"Note content can not be empty (handled by middleware)","timestamp":"24-Nov-2021 22:23:57"}
{"level":"error","message":"Note content can not be empty (handled by middleware)","timestamp":"24-Nov-2021 22:23:57"}
{"level":"error","message":"Note content can not be empty (handled by middleware)","timestamp":"24-Nov-2021 22:23:57"}
{"level":"error","message":"Note content can not be empty (handled by middleware)","timestamp":"24-Nov-2021 22:23:57"}
{"level":"error","message":"Note content can not be empty (handled by middleware)","timestamp":"24-Nov-2021 22:23:57"}
{"level":"error","message":"Note content can not be empty (handled by middleware)","timestamp":"24-Nov-2021 22:23:57"}
{"level":"error","message":"Note content can not be empty (handled by middleware)","timestamp":"24-Nov-2021 22:23:57"}
{"level":"error","message":"Note content can not be empty (handled by middleware)","timestamp":"24-Nov-2021 22:23:57"}
{"level":"error","message":"Note content can not be empty (handled by middleware)","timestamp":"24-Nov-2021 22:23:57"}
{"level":"error","message":"Note content can not be empty (handled by middleware)","timestamp":"24-Nov-2021 22:23:57"}
{"level":"error","message":"Note content can not be empty (handled by middleware)","timestamp":"24-Nov-2021 22:23:57"}
{"level":"error","message":"Note content can not be empty (handled by middleware)","timestamp":"24-Nov-2021 22:23:57"}
{"level":"error","message":"Note content can not be empty (handled by middleware)","timestamp":"24-Nov-2021 22:23:57"}
{"level":"error","message":"Note content can not be empty (handled by middleware)","timestamp":"24-Nov-2021 22:23:57"}
{"level":"error","message":"Note content can not be empty (handled by middleware)","timestamp":"24-Nov-2021 22:23:57"}
{"level":"error","message":"Note content can not be empty (handled by middleware)","timestamp":"24-Nov-2021 22:23:57"}
{"level":"error","message":"Note content can not be empty (handled by middleware)","timestamp":"24-Nov-2021 22:23:57"}
{"level":"error","message":"Note content can not be empty (handled by middleware)","timestamp":"24-Nov-2021 22:23:57"}
{"level":"error","message":"Note content can not be empty (handled by middleware)","timestamp":"24-Nov-2021 22:23:57"}
{"level":"error","message":"Note content can not be empty (handled by middleware)","timestamp":"24-Nov-2021 22:23:57"}
{"level":"error","message":"Note content can not be empty (handled by middleware)","timestamp":"24-Nov-2021 22:23:57"}
{"level":"error","message":"Note content can not be empty (handled by middleware)","timestamp":"24-Nov-2021 22:23:57"}
{"level":"error","message":"Note content can not be empty (handled by middleware)","timestamp":"24-Nov-2021 22:23:57"}
{"level":"error","message":"Note content can not be empty (handled by middleware)","timestamp":"24-Nov-2021 22:23:57"}
{"level":"error","message":"Note content can not be empty (handled by middleware)","timestamp":"24-Nov-2021 22:23:57"}
{"level":"error","message":"Note content can not be empty (handled by middleware)","timestamp":"24-Nov-2021 22:23:57"}
{"level":"error","message":"Note content can not be empty (handled by middleware)","timestamp":"24-Nov-2021 22:23:57"}
{"level":"error","message":"Note content can not be empty (handled by middleware)","timestamp":"24-Nov-2021 22:23:57"}
{"level":"error","message":"Note content can not be empty (handled by middleware)","timestamp":"24-Nov-2021 22:23:57"}
{"level":"error","message":"Note content can not be empty (handled by middleware)","timestamp":"24-Nov-2021 22:23:57"}
{"level":"error","message":"Note content can not be empty (handled by middleware)","timestamp":"24-Nov-2021 22:23:57"}
{"level":"error","message":"Note content can not be empty (handled by middleware)","timestamp":"24-Nov-2021 22:23:57"}
{"level":"error","message":"Note content can not be empty (handled by middleware)","timestamp":"24-Nov-2021 22:23:57"}
{"level":"error","message":"Note content can not be empty (handled by middleware)","timestamp":"24-Nov-2021 22:23:57"}
{"level":"error","message":"Note content can not be empty (handled by middleware)","timestamp":"24-Nov-2021 22:23:57"}
{"level":"error","message":"Note content can not be empty (handled by middleware)","timestamp":"24-Nov-2021 22:23:57"}
{"level":"error","message":"Note content can not be empty (handled by middleware)","timestamp":"24-Nov-2021 22:23:57"}
{"level":"error","message":"Note content can not be empty (handled by middleware)","timestamp":"24-Nov-2021 22:23:57"}
{"level":"error","message":"Note content can not be empty (handled by middleware)","timestamp":"24-Nov-2021 22:23:57"}
{"level":"error","message":"Note content can not be empty (handled by middleware)","timestamp":"24-Nov-2021 22:23:57"}
{"level":"error","message":"Note content can not be empty (handled by middleware)","timestamp":"24-Nov-2021 22:23:57"}
{"level":"error","message":"Note content can not be empty (handled by middleware)","timestamp":"24-Nov-2021 22:23:57"}
{"level":"error","message":"Note content can not be empty (handled by middleware)","timestamp":"24-Nov-2021 22:23:57"}
{"level":"error","message":"Note content can not be empty (handled by middleware)","timestamp":"24-Nov-2021 22:23:57"}
{"level":"error","message":"Note content can not be empty (handled by middleware)","timestamp":"24-Nov-2021 22:23:57"}
{"level":"error","message":"Note content can not be empty (handled by middleware)","timestamp":"24-Nov-2021 22:23:57"}
{"level":"error","message":"Note content can not be empty (handled by middleware)","timestamp":"24-Nov-2021 22:23:57"}
{"level":"info","message":"Successfully returned all the notes. ","timestamp":"24-Nov-2021 22:28:34"}
{"level":"info","message":"Successfully updated the note","timestamp":"24-Nov-2021 22:29:05"}
{"level":"info","message":"Successfully updated the note","timestamp":"24-Nov-2021 22:29:13"}
{"level":"info","message":"Successfully returned all the notes. ","timestamp":"24-Nov-2021 22:31:36"}
{"level":"info","message":"Successfully updated the note","timestamp":"24-Nov-2021 22:31:40"}
{"level":"info","message":"Successfully updated the note","timestamp":"24-Nov-2021 22:31:42"}
{"level":"info","message":"Successfully updated the note","timestamp":"24-Nov-2021 22:32:23"}
{"level":"info","message":"Successfully updated the note","timestamp":"24-Nov-2021 22:32:25"}
{"level":"info","message":"Successfully updated the note","timestamp":"24-Nov-2021 22:32:31"}
{"level":"info","message":"Successfully updated the note","timestamp":"24-Nov-2021 22:32:33"}
{"level":"info","message":"Successfully updated the note","timestamp":"24-Nov-2021 22:32:41"}
{"level":"info","message":"Successfully updated the note","timestamp":"24-Nov-2021 22:32:47"}
{"level":"info","message":"Successfully updated the note","timestamp":"24-Nov-2021 22:33:28"}
{"level":"info","message":"Successfully updated the note","timestamp":"24-Nov-2021 22:33:31"}
{"level":"info","message":"Successfully updated the note","timestamp":"24-Nov-2021 22:34:00"}
{"level":"info","message":"Successfully updated the note","timestamp":"24-Nov-2021 22:34:02"}
{"level":"info","message":"Successfully updated the note","timestamp":"24-Nov-2021 22:38:15"}
{"level":"info","message":"Successfully updated the note","timestamp":"24-Nov-2021 22:38:17"}
{"level":"info","message":"Successfully updated the note","timestamp":"24-Nov-2021 22:39:32"}
{"level":"info","message":"Successfully updated the note","timestamp":"24-Nov-2021 22:39:34"}
{"level":"info","message":"Successfully updated the note","timestamp":"24-Nov-2021 22:39:36"}
{"level":"info","message":"Successfully updated the note","timestamp":"24-Nov-2021 22:39:41"}
{"level":"info","message":"Successfully returned all the notes. ","timestamp":"24-Nov-2021 23:17:10"}
{"level":"info","message":"Successfully returned all the notes. ","timestamp":"24-Nov-2021 23:46:00"}
{"level":"info","message":"Successfully returned all the notes. ","timestamp":"24-Nov-2021 23:46:43"}
{"level":"info","message":"Successfully returned all the notes. ","timestamp":"24-Nov-2021 23:58:18"}
{"level":"info","message":"Successfully returned all the notes. ","timestamp":"24-Nov-2021 23:58:53"}
